Log file open, 03/19/20 15:44:53
LogWindows: Failed to load 'aqProf.dll' (GetLastError=126)
LogWindows: File 'aqProf.dll' does not exist
LogWindows: Failed to load 'VtuneApi.dll' (GetLastError=126)
LogWindows: File 'VtuneApi.dll' does not exist
LogWindows: Failed to load 'VtuneApi32e.dll' (GetLastError=126)
LogWindows: File 'VtuneApi32e.dll' does not exist
LogConsoleResponse: Display: Failed to find resolution value strings in scalability ini. Falling back to default.
LogInit: Display: Running engine for game: Relativity
LogPakFile: Registered encryption key '00000000000000000000000000000000': 0 pak files mounted, 0 remain pending
LogPlatformFile: Not using cached read wrapper
LogTaskGraph: Started task graph with 5 named threads and 23 total threads with 3 sets of task threads.
LogStats: Stats thread started at 0.348463
LogD3D11RHI: Loaded GFSDK_Aftermath_Lib.x64.dll
LogICUInternationalization: ICU TimeZone Detection - Raw Offset: +0:00, Platform Override: ''
LogPluginManager: Mounting plugin AISupport
LogPluginManager: Mounting plugin LightPropagationVolume
LogPluginManager: Mounting plugin ActorLayerUtilities
LogPluginManager: Mounting plugin AnimationSharing
LogPluginManager: Mounting plugin PerforceSourceControl
LogPluginManager: Mounting plugin SubversionSourceControl
LogPluginManager: Mounting plugin UObjectPlugin
LogPluginManager: Mounting plugin VisualStudioCodeSourceCodeAccess
LogPluginManager: Mounting plugin VisualStudioSourceCodeAccess
LogPluginManager: Mounting plugin AssetManagerEditor
LogPluginManager: Mounting plugin CryptoKeys
LogPluginManager: Mounting plugin DataValidation
LogPluginManager: Mounting plugin FacialAnimation
LogPluginManager: Mounting plugin GameplayTagsEditor
LogPluginManager: Mounting plugin MacGraphicsSwitching
LogPluginManager: Mounting plugin MaterialAnalyzer
LogPluginManager: Mounting plugin MobileLauncherProfileWizard
LogPluginManager: Mounting plugin PluginBrowser
LogPluginManager: Mounting plugin SpeedTreeImporter
LogPluginManager: Mounting plugin VariantManagerContent
LogPluginManager: Mounting plugin AlembicImporter
LogPluginManager: Mounting plugin AppleImageUtils
LogPluginManager: Mounting plugin AppleVision
LogPluginManager: Mounting plugin BackChannel
LogPluginManager: Mounting plugin CharacterAI
LogPluginManager: Mounting plugin GeometryCache
LogPluginManager: Mounting plugin HTML5Networking
LogPluginManager: Mounting plugin ProxyLODPlugin
LogPluginManager: Mounting plugin SkeletalReduction
LogPluginManager: Mounting plugin AndroidMedia
LogPluginManager: Mounting plugin AvfMedia
LogPluginManager: Mounting plugin ImgMedia
LogPluginManager: Mounting plugin LinearTimecode
LogPluginManager: Mounting plugin MediaCompositing
LogPluginManager: Mounting plugin MediaPlayerEditor
LogPluginManager: Mounting plugin WebMMedia
LogPluginManager: Mounting plugin WmfMedia
LogPluginManager: Mounting plugin ActorSequence
LogPluginManager: Mounting plugin LevelSequenceEditor
LogPluginManager: Mounting plugin MatineeToLevelSequence
LogPluginManager: Mounting plugin NetcodeUnitTest
LogPluginManager: Mounting plugin NUTUnrealEngine4
LogPluginManager: Mounting plugin OnlineSubsystemIOS
LogPluginManager: Mounting plugin OnlineSubsystem
LogPluginManager: Mounting plugin OnlineSubsystemNull
LogPluginManager: Mounting plugin OnlineSubsystemUtils
LogPluginManager: Mounting plugin LauncherChunkInstaller
LogPluginManager: Mounting plugin ArchVisCharacter
LogPluginManager: Mounting plugin CableComponent
LogPluginManager: Mounting plugin CustomMeshComponent
LogPluginManager: Mounting plugin EditableMesh
LogPluginManager: Mounting plugin ExampleDeviceProfileSelector
LogPluginManager: Mounting plugin Firebase
LogPluginManager: Mounting plugin GoogleCloudMessaging
LogPluginManager: Mounting plugin IOSDeviceProfileSelector
LogPluginManager: Mounting plugin LinuxDeviceProfileSelector
LogPluginManager: Mounting plugin PhysXVehicles
LogPluginManager: Mounting plugin ProceduralMeshComponent
LogPluginManager: Mounting plugin RuntimePhysXCooking
LogPluginManager: Mounting plugin SignificanceManager
LogPluginManager: Mounting plugin WebMMoviePlayer
LogPluginManager: Mounting plugin DirGravity
LogInit: Using libcurl 7.55.1-DEV
LogInit:  - built for x86_64-pc-win32
LogInit:  - supports SSL with OpenSSL/1.1.1
LogInit:  - supports HTTP deflate (compression) using libz 1.2.8
LogInit:  - other features:
LogInit:      CURL_VERSION_SSL
LogInit:      CURL_VERSION_LIBZ
LogInit:      CURL_VERSION_IPV6
LogInit:      CURL_VERSION_ASYNCHDNS
LogInit:      CURL_VERSION_LARGEFILE
LogInit:      CURL_VERSION_IDN
LogInit:  CurlRequestOptions (configurable via config and command line):
LogInit:  - bVerifyPeer = true  - Libcurl will verify peer certificate
LogInit:  - bUseHttpProxy = false  - Libcurl will NOT use HTTP proxy
LogInit:  - bDontReuseConnections = false  - Libcurl will reuse connections
LogInit:  - MaxHostConnections = 16  - Libcurl will limit the number of connections to a host
LogInit:  - LocalHostAddr = Default
LogInit:  - BufferSize = 65536
LogInit: WinSock: version 1.1 (2.2), MaxSocks=32767, MaxUdp=65467
LogInit: Build: ++UE4+Release-4.22-CL-7053642
LogInit: Engine Version: 4.22.3-7053642+++UE4+Release-4.22
LogInit: Compatible Engine Version: 4.22.0-5660361+++UE4+Release-4.22
LogInit: Net CL: 5660361
LogInit: OS: Windows 10 (Release 1809) (), CPU:        Intel(R) Core(TM) i7-2600K CPU @ 3.40GHz, GPU: NVIDIA GeForce GTX 970
LogInit: Compiled (64-bit): Jun 18 2019 03:09:11
LogInit: Compiled with Visual C++: 19.16.27025.01
LogInit: Build Configuration: Development
LogInit: Branch Name: ++UE4+Release-4.22
LogInit: Command Line: 
LogInit: Base Directory: D:/1606002/Games/EPIC/UE_4.22/Engine/Binaries/Win64/
LogInit: Installed Engine Build: 1
LogDevObjectVersion: Number of dev versions registered: 23
LogDevObjectVersion:   Dev-Blueprints (B0D832E4-1F89-4F0D-ACCF-7EB736FD4AA2): 10
LogDevObjectVersion:   Dev-Build (E1C64328-A22C-4D53-A36C-8E866417BD8C): 0
LogDevObjectVersion:   Dev-Core (375EC13C-06E4-48FB-B500-84F0262A717E): 3
LogDevObjectVersion:   Dev-Editor (E4B068ED-F494-42E9-A231-DA0B2E46BB41): 30
LogDevObjectVersion:   Dev-Framework (CFFC743F-43B0-4480-9391-14DF171D2073): 35
LogDevObjectVersion:   Dev-Mobile (B02B49B5-BB20-44E9-A304-32B752E40360): 2
LogDevObjectVersion:   Dev-Networking (A4E4105C-59A1-49B5-A7C5-40C4547EDFEE): 0
LogDevObjectVersion:   Dev-Online (39C831C9-5AE6-47DC-9A44-9C173E1C8E7C): 0
LogDevObjectVersion:   Dev-Physics (78F01B33-EBEA-4F98-B9B4-84EACCB95AA2): 0
LogDevObjectVersion:   Dev-Platform (6631380F-2D4D-43E0-8009-CF276956A95A): 0
LogDevObjectVersion:   Dev-Rendering (12F88B9F-8875-4AFC-A67C-D90C383ABD29): 28
LogDevObjectVersion:   Dev-Sequencer (7B5AE74C-D270-4C10-A958-57980B212A5A): 11
LogDevObjectVersion:   Dev-VR (D7296918-1DD6-4BDD-9DE2-64A83CC13884): 2
LogDevObjectVersion:   Dev-LoadTimes (C2A15278-BFE7-4AFE-6C17-90FF531DF755): 1
LogDevObjectVersion:   Private-Geometry (6EACA3D4-40EC-4CC1-B786-8BED09428FC5): 3
LogDevObjectVersion:   Dev-AnimPhys (29E575DD-E0A3-4627-9D10-D276232CDCEA): 17
LogDevObjectVersion:   Dev-Anim (AF43A65D-7FD3-4947-9873-3E8ED9C1BB05): 2
LogDevObjectVersion:   Dev-ReflectionCapture (6B266CEC-1EC7-4B8F-A30B-E4D90942FC07): 1
LogDevObjectVersion:   Dev-Automation (0DF73D61-A23F-47EA-B727-89E90C41499A): 1
LogDevObjectVersion:   FortniteMain (601D1886-AC64-4F84-AA16-D3DE0DEAC7D6): 25
LogDevObjectVersion:   Dev-Enterprise (9DFFBCD6-494F-0158-E221-12823C92A888): 6
LogDevObjectVersion:   Dev-Niagara (F2AED0AC-9AFE-416F-8664-AA7FFA26D6FC): 1
LogDevObjectVersion:   Dev-Destruction (174F1F0B-B4C6-45A5-B13F-2EE8D0FB917D): 2
LogInit: Presizing for max 16777216 objects, including 0 objects not considered by GC, pre-allocating 0 bytes for permanent pool.
LogInit: Object subsystem initialized
LogConfig: Setting CVar [[con.DebugEarlyDefault:1]]
LogConfig: Setting CVar [[r.setres:1280x720]]
[2020.03.19-15.44.55:508][  0]LogConfig: Setting CVar [[r.VSync:0]]
[2020.03.19-15.44.55:508][  0]LogConfig: Setting CVar [[r.RHICmdBypass:0]]
[2020.03.19-15.44.55:508][  0]LogConfig: Applying CVar settings from Section [/Script/Engine.RendererSettings] File [D:/1606002/Documents/Relativity/RelativityGame/Saved/Config/Windows/Engine.ini]
[2020.03.19-15.44.55:508][  0]LogConfig: Setting CVar [[r.GPUCrashDebugging:0]]
[2020.03.19-15.44.55:508][  0]LogConfig: Setting CVar [[r.DefaultFeature.AutoExposure:0]]
[2020.03.19-15.44.55:508][  0]LogConfig: Setting CVar [[r.DefaultFeature.AutoExposure.Method:0]]
[2020.03.19-15.44.55:508][  0]LogConfig: Setting CVar [[r.SeparateTranslucency:0]]
[2020.03.19-15.44.55:508][  0]LogConfig: Setting CVar [[r.CustomDepth:3]]
[2020.03.19-15.44.55:508][  0]LogConfig: Applying CVar settings from Section [/Script/Engine.RendererOverrideSettings] File [D:/1606002/Documents/Relativity/RelativityGame/Saved/Config/Windows/Engine.ini]
[2020.03.19-15.44.55:508][  0]LogConfig: Applying CVar settings from Section [/Script/Engine.StreamingSettings] File [D:/1606002/Documents/Relativity/RelativityGame/Saved/Config/Windows/Engine.ini]
[2020.03.19-15.44.55:508][  0]LogConfig: Setting CVar [[s.MinBulkDataSizeForAsyncLoading:131072]]
[2020.03.19-15.44.55:508][  0]LogConfig: Setting CVar [[s.AsyncLoadingThreadEnabled:0]]
[2020.03.19-15.44.55:508][  0]LogConfig: Setting CVar [[s.EventDrivenLoaderEnabled:1]]
[2020.03.19-15.44.55:508][  0]LogConfig: Setting CVar [[s.WarnIfTimeLimitExceeded:0]]
[2020.03.19-15.44.55:508][  0]LogConfig: Setting CVar [[s.TimeLimitExceededMultiplier:1.5]]
[2020.03.19-15.44.55:508][  0]LogConfig: Setting CVar [[s.TimeLimitExceededMinTime:0.005]]
[2020.03.19-15.44.55:508][  0]LogConfig: Setting CVar [[s.UseBackgroundLevelStreaming:1]]
[2020.03.19-15.44.55:508][  0]LogConfig: Setting CVar [[s.PriorityAsyncLoadingExtraTime:15.0]]
[2020.03.19-15.44.55:508][  0]LogConfig: Setting CVar [[s.LevelStreamingActorsUpdateTimeLimit:5.0]]
[2020.03.19-15.44.55:508][  0]LogConfig: Setting CVar [[s.PriorityLevelStreamingActorsUpdateExtraTime:5.0]]
[2020.03.19-15.44.55:508][  0]LogConfig: Setting CVar [[s.LevelStreamingComponentsRegistrationGranularity:10]]
[2020.03.19-15.44.55:508][  0]LogConfig: Setting CVar [[s.UnregisterComponentsTimeLimit:1.0]]
[2020.03.19-15.44.55:508][  0]LogConfig: Setting CVar [[s.LevelStreamingComponentsUnregistrationGranularity:5]]
[2020.03.19-15.44.55:509][  0]LogConfig: Applying CVar settings from Section [/Script/Engine.GarbageCollectionSettings] File [D:/1606002/Documents/Relativity/RelativityGame/Saved/Config/Windows/Engine.ini]
[2020.03.19-15.44.55:509][  0]LogConfig: Setting CVar [[gc.MaxObjectsNotConsideredByGC:1]]
[2020.03.19-15.44.55:509][  0]LogConfig: Setting CVar [[gc.SizeOfPermanentObjectPool:0]]
[2020.03.19-15.44.55:509][  0]LogConfig: Setting CVar [[gc.FlushStreamingOnGC:0]]
[2020.03.19-15.44.55:509][  0]LogConfig: Setting CVar [[gc.NumRetriesBeforeForcingGC:10]]
[2020.03.19-15.44.55:509][  0]LogConfig: Setting CVar [[gc.AllowParallelGC:1]]
[2020.03.19-15.44.55:509][  0]LogConfig: Setting CVar [[gc.TimeBetweenPurgingPendingKillObjects:61.1]]
[2020.03.19-15.44.55:509][  0]LogConfig: Setting CVar [[gc.MaxObjectsInEditor:16777216]]
[2020.03.19-15.44.55:509][  0]LogConfig: Setting CVar [[gc.IncrementalBeginDestroyEnabled:1]]
[2020.03.19-15.44.55:509][  0]LogConfig: Setting CVar [[gc.CreateGCClusters:1]]
[2020.03.19-15.44.55:509][  0]LogConfig: Setting CVar [[gc.MinGCClusterSize:5]]
[2020.03.19-15.44.55:509][  0]LogConfig: Setting CVar [[gc.ActorClusteringEnabled:0]]
[2020.03.19-15.44.55:509][  0]LogConfig: Setting CVar [[gc.BlueprintClusteringEnabled:0]]
[2020.03.19-15.44.55:509][  0]LogConfig: Setting CVar [[gc.UseDisregardForGCOnDedicatedServers:0]]
[2020.03.19-15.44.55:509][  0]LogConfig: Applying CVar settings from Section [/Script/Engine.NetworkSettings] File [D:/1606002/Documents/Relativity/RelativityGame/Saved/Config/Windows/Engine.ini]
[2020.03.19-15.44.55:509][  0]LogConfig: Applying CVar settings from Section [/Script/UnrealEd.CookerSettings] File [D:/1606002/Documents/Relativity/RelativityGame/Saved/Config/Windows/Engine.ini]
[2020.03.19-15.44.55:527][  0]LogConfig: Applying CVar settings from Section [ViewDistanceQuality@3] File [D:/1606002/Documents/Relativity/RelativityGame/Saved/Config/Windows/Scalability.ini]
[2020.03.19-15.44.55:527][  0]LogConfig: Setting CVar [[r.SkeletalMeshLODBias:0]]
[2020.03.19-15.44.55:528][  0]LogConfig: Setting CVar [[r.ViewDistanceScale:1.0]]
[2020.03.19-15.44.55:528][  0]LogConfig: Applying CVar settings from Section [AntiAliasingQuality@3] File [D:/1606002/Documents/Relativity/RelativityGame/Saved/Config/Windows/Scalability.ini]
[2020.03.19-15.44.55:528][  0]LogConfig: Setting CVar [[r.PostProcessAAQuality:4]]
[2020.03.19-15.44.55:528][  0]LogConfig: Applying CVar settings from Section [ShadowQuality@3] File [D:/1606002/Documents/Relativity/RelativityGame/Saved/Config/Windows/Scalability.ini]
[2020.03.19-15.44.55:528][  0]LogConfig: Setting CVar [[r.LightFunctionQuality:1]]
[2020.03.19-15.44.55:528][  0]LogConfig: Setting CVar [[r.ShadowQuality:5]]
[2020.03.19-15.44.55:528][  0]LogConfig: Setting CVar [[r.Shadow.CSM.MaxCascades:10]]
[2020.03.19-15.44.55:528][  0]LogConfig: Setting CVar [[r.Shadow.MaxResolution:2048]]
[2020.03.19-15.44.55:528][  0]LogConfig: Setting CVar [[r.Shadow.MaxCSMResolution:2048]]
[2020.03.19-15.44.55:528][  0]LogConfig: Setting CVar [[r.Shadow.RadiusThreshold:0.01]]
[2020.03.19-15.44.55:528][  0]LogConfig: Setting CVar [[r.Shadow.DistanceScale:1.0]]
[2020.03.19-15.44.55:528][  0]LogConfig: Setting CVar [[r.Shadow.CSM.TransitionScale:1.0]]
[2020.03.19-15.44.55:528][  0]LogConfig: Setting CVar [[r.Shadow.PreShadowResolutionFactor:1.0]]
[2020.03.19-15.44.55:528][  0]LogConfig: Setting CVar [[r.DistanceFieldShadowing:1]]
[2020.03.19-15.44.55:528][  0]LogConfig: Setting CVar [[r.DistanceFieldAO:1]]
[2020.03.19-15.44.55:528][  0]LogConfig: Setting CVar [[r.AOQuality:2]]
[2020.03.19-15.44.55:528][  0]LogConfig: Setting CVar [[r.VolumetricFog:1]]
[2020.03.19-15.44.55:528][  0]LogConfig: Setting CVar [[r.VolumetricFog.GridPixelSize:8]]
[2020.03.19-15.44.55:528][  0]LogConfig: Setting CVar [[r.VolumetricFog.GridSizeZ:128]]
[2020.03.19-15.44.55:528][  0]LogConfig: Setting CVar [[r.VolumetricFog.HistoryMissSupersampleCount:4]]
[2020.03.19-15.44.55:528][  0]LogConfig: Setting CVar [[r.LightMaxDrawDistanceScale:1]]
[2020.03.19-15.44.55:528][  0]LogConfig: Setting CVar [[r.CapsuleShadows:1]]
[2020.03.19-15.44.55:528][  0]LogConfig: Applying CVar settings from Section [PostProcessQuality@3] File [D:/1606002/Documents/Relativity/RelativityGame/Saved/Config/Windows/Scalability.ini]
[2020.03.19-15.44.55:528][  0]LogConfig: Setting CVar [[r.MotionBlurQuality:4]]
[2020.03.19-15.44.55:528][  0]LogConfig: Setting CVar [[r.AmbientOcclusionMipLevelFactor:0.4]]
[2020.03.19-15.44.55:529][  0]LogConfig: Setting CVar [[r.AmbientOcclusionMaxQuality:100]]
[2020.03.19-15.44.55:529][  0]LogConfig: Setting CVar [[r.AmbientOcclusionLevels:-1]]
[2020.03.19-15.44.55:529][  0]LogConfig: Setting CVar [[r.AmbientOcclusionRadiusScale:1.0]]
[2020.03.19-15.44.55:529][  0]LogConfig: Setting CVar [[r.DepthOfFieldQuality:2]]
[2020.03.19-15.44.55:529][  0]LogConfig: Setting CVar [[r.RenderTargetPoolMin:400]]
[2020.03.19-15.44.55:529][  0]LogConfig: Setting CVar [[r.LensFlareQuality:2]]
[2020.03.19-15.44.55:529][  0]LogConfig: Setting CVar [[r.SceneColorFringeQuality:1]]
[2020.03.19-15.44.55:529][  0]LogConfig: Setting CVar [[r.EyeAdaptationQuality:2]]
[2020.03.19-15.44.55:529][  0]LogConfig: Setting CVar [[r.BloomQuality:5]]
[2020.03.19-15.44.55:529][  0]LogConfig: Setting CVar [[r.FastBlurThreshold:100]]
[2020.03.19-15.44.55:529][  0]LogConfig: Setting CVar [[r.Upscale.Quality:3]]
[2020.03.19-15.44.55:529][  0]LogConfig: Setting CVar [[r.Tonemapper.GrainQuantization:1]]
[2020.03.19-15.44.55:529][  0]LogConfig: Setting CVar [[r.LightShaftQuality:1]]
[2020.03.19-15.44.55:529][  0]LogConfig: Setting CVar [[r.Filter.SizeScale:1]]
[2020.03.19-15.44.55:529][  0]LogConfig: Setting CVar [[r.Tonemapper.Quality:5]]
[2020.03.19-15.44.55:529][  0]LogConfig: Setting CVar [[r.DOF.Gather.AccumulatorQuality:1        ; higher gathering accumulator quality]]
[2020.03.19-15.44.55:529][  0]LogConfig: Setting CVar [[r.DOF.Gather.PostfilterMethod:1          ; Median3x3 postfilering method]]
[2020.03.19-15.44.55:529][  0]LogConfig: Setting CVar [[r.DOF.Gather.EnableBokehSettings:0       ; no bokeh simulation when gathering]]
[2020.03.19-15.44.55:529][  0]LogConfig: Setting CVar [[r.DOF.Gather.RingCount:4                 ; medium number of samples when gathering]]
[2020.03.19-15.44.55:529][  0]LogConfig: Setting CVar [[r.DOF.Scatter.ForegroundCompositing:1    ; additive foreground scattering]]
[2020.03.19-15.44.55:529][  0]LogConfig: Setting CVar [[r.DOF.Scatter.BackgroundCompositing:2    ; additive background scattering]]
[2020.03.19-15.44.55:529][  0]LogConfig: Setting CVar [[r.DOF.Scatter.EnableBokehSettings:1      ; bokeh simulation when scattering]]
[2020.03.19-15.44.55:529][  0]LogConfig: Setting CVar [[r.DOF.Scatter.MaxSpriteRatio:0.1         ; only a maximum of 10% of scattered bokeh]]
[2020.03.19-15.44.55:529][  0]LogConfig: Setting CVar [[r.DOF.Recombine.Quality:1                ; cheap slight out of focus]]
[2020.03.19-15.44.55:529][  0]LogConfig: Setting CVar [[r.DOF.Recombine.EnableBokehSettings:0    ; no bokeh simulation on slight out of focus]]
[2020.03.19-15.44.55:529][  0]LogConfig: Setting CVar [[r.DOF.TemporalAAQuality:1                ; more stable temporal accumulation]]
[2020.03.19-15.44.55:529][  0]LogConfig: Setting CVar [[r.DOF.Kernel.MaxForegroundRadius:0.025]]
[2020.03.19-15.44.55:529][  0]LogConfig: Setting CVar [[r.DOF.Kernel.MaxBackgroundRadius:0.025]]
[2020.03.19-15.44.55:529][  0]LogConfig: Applying CVar settings from Section [TextureQuality@3] File [D:/1606002/Documents/Relativity/RelativityGame/Saved/Config/Windows/Scalability.ini]
[2020.03.19-15.44.55:530][  0]LogConfig: Setting CVar [[r.Streaming.MipBias:0]]
[2020.03.19-15.44.55:530][  0]LogConfig: Setting CVar [[r.Streaming.AmortizeCPUToGPUCopy:0]]
[2020.03.19-15.44.55:530][  0]LogConfig: Setting CVar [[r.Streaming.MaxNumTexturesToStreamPerFrame:0]]
[2020.03.19-15.44.55:530][  0]LogConfig: Setting CVar [[r.Streaming.Boost:1]]
[2020.03.19-15.44.55:530][  0]LogConfig: Setting CVar [[r.MaxAnisotropy:8]]
[2020.03.19-15.44.55:530][  0]LogConfig: Setting CVar [[r.Streaming.LimitPoolSizeToVRAM:0]]
[2020.03.19-15.44.55:530][  0]LogConfig: Setting CVar [[r.Streaming.PoolSize:1000]]
[2020.03.19-15.44.55:530][  0]LogConfig: Setting CVar [[r.Streaming.MaxEffectiveScreenSize:0]]
[2020.03.19-15.44.55:530][  0]LogConfig: Applying CVar settings from Section [EffectsQuality@3] File [D:/1606002/Documents/Relativity/RelativityGame/Saved/Config/Windows/Scalability.ini]
[2020.03.19-15.44.55:530][  0]LogConfig: Setting CVar [[r.TranslucencyLightingVolumeDim:64]]
[2020.03.19-15.44.55:530][  0]LogConfig: Setting CVar [[r.RefractionQuality:2]]
[2020.03.19-15.44.55:530][  0]LogConfig: Setting CVar [[r.SSR.Quality:3]]
[2020.03.19-15.44.55:530][  0]LogConfig: Setting CVar [[r.SceneColorFormat:4]]
[2020.03.19-15.44.55:530][  0]LogConfig: Setting CVar [[r.DetailMode:2]]
[2020.03.19-15.44.55:530][  0]LogConfig: Setting CVar [[r.TranslucencyVolumeBlur:1]]
[2020.03.19-15.44.55:530][  0]LogConfig: Setting CVar [[r.MaterialQualityLevel:1 ; High quality]]
[2020.03.19-15.44.55:530][  0]LogConfig: Setting CVar [[r.SSS.Scale:1]]
[2020.03.19-15.44.55:530][  0]LogConfig: Setting CVar [[r.SSS.SampleSet:2]]
[2020.03.19-15.44.55:530][  0]LogConfig: Setting CVar [[r.SSS.Quality:1]]
[2020.03.19-15.44.55:530][  0]LogConfig: Setting CVar [[r.SSS.HalfRes:1]]
[2020.03.19-15.44.55:530][  0]LogConfig: Setting CVar [[r.EmitterSpawnRateScale:1.0]]
[2020.03.19-15.44.55:530][  0]LogConfig: Setting CVar [[r.ParticleLightQuality:2]]
[2020.03.19-15.44.55:530][  0]LogConfig: Applying CVar settings from Section [FoliageQuality@3] File [D:/1606002/Documents/Relativity/RelativityGame/Saved/Config/Windows/Scalability.ini]
[2020.03.19-15.44.55:530][  0]LogConfig: Setting CVar [[foliage.DensityScale:1.0]]
[2020.03.19-15.44.55:530][  0]LogConfig: Setting CVar [[grass.DensityScale:1.0]]
[2020.03.19-15.44.55:531][  0]LogInit: Selected Device Profile: [Windows]
[2020.03.19-15.44.55:531][  0]LogInit: Applying CVar settings loaded from the selected device profile: [Windows]
[2020.03.19-15.44.55:573][  0]LogHAL: Display: Platform has ~ 16 GB [17145421824 / 17179869184 / 16], which maps to Larger [LargestMinGB=32, LargerMinGB=12, DefaultMinGB=8, SmallerMinGB=6, SmallestMinGB=0)
[2020.03.19-15.44.55:573][  0]LogConfig: Setting CVar [[r.Vulkan.UseRealUBs:0		; Required until we fix HLR fall-out]]
[2020.03.19-15.44.55:573][  0]LogInit: Going up to parent DeviceProfile []
[2020.03.19-15.44.55:573][  0]LogConfig: Applying CVar settings from Section [ViewDistanceQuality@3] File [D:/1606002/Documents/Relativity/RelativityGame/Saved/Config/Windows/Scalability.ini]
[2020.03.19-15.44.55:573][  0]LogConfig: Setting CVar [[r.SkeletalMeshLODBias:0]]
[2020.03.19-15.44.55:573][  0]LogConfig: Setting CVar [[r.ViewDistanceScale:1.0]]
[2020.03.19-15.44.55:573][  0]LogConfig: Applying CVar settings from Section [AntiAliasingQuality@3] File [D:/1606002/Documents/Relativity/RelativityGame/Saved/Config/Windows/Scalability.ini]
[2020.03.19-15.44.55:573][  0]LogConfig: Setting CVar [[r.PostProcessAAQuality:4]]
[2020.03.19-15.44.55:573][  0]LogConfig: Applying CVar settings from Section [ShadowQuality@3] File [D:/1606002/Documents/Relativity/RelativityGame/Saved/Config/Windows/Scalability.ini]
[2020.03.19-15.44.55:573][  0]LogConfig: Setting CVar [[r.LightFunctionQuality:1]]
[2020.03.19-15.44.55:573][  0]LogConfig: Setting CVar [[r.ShadowQuality:5]]
[2020.03.19-15.44.55:573][  0]LogConfig: Setting CVar [[r.Shadow.CSM.MaxCascades:10]]
[2020.03.19-15.44.55:573][  0]LogConfig: Setting CVar [[r.Shadow.MaxResolution:2048]]
[2020.03.19-15.44.55:573][  0]LogConfig: Setting CVar [[r.Shadow.MaxCSMResolution:2048]]
[2020.03.19-15.44.55:573][  0]LogConfig: Setting CVar [[r.Shadow.RadiusThreshold:0.01]]
[2020.03.19-15.44.55:573][  0]LogConfig: Setting CVar [[r.Shadow.DistanceScale:1.0]]
[2020.03.19-15.44.55:573][  0]LogConfig: Setting CVar [[r.Shadow.CSM.TransitionScale:1.0]]
[2020.03.19-15.44.55:573][  0]LogConfig: Setting CVar [[r.Shadow.PreShadowResolutionFactor:1.0]]
[2020.03.19-15.44.55:573][  0]LogConfig: Setting CVar [[r.DistanceFieldShadowing:1]]
[2020.03.19-15.44.55:573][  0]LogConfig: Setting CVar [[r.DistanceFieldAO:1]]
[2020.03.19-15.44.55:573][  0]LogConfig: Setting CVar [[r.AOQuality:2]]
[2020.03.19-15.44.55:573][  0]LogConfig: Setting CVar [[r.VolumetricFog:1]]
[2020.03.19-15.44.55:573][  0]LogConfig: Setting CVar [[r.VolumetricFog.GridPixelSize:8]]
[2020.03.19-15.44.55:573][  0]LogConfig: Setting CVar [[r.VolumetricFog.GridSizeZ:128]]
[2020.03.19-15.44.55:574][  0]LogConfig: Setting CVar [[r.VolumetricFog.HistoryMissSupersampleCount:4]]
[2020.03.19-15.44.55:574][  0]LogConfig: Setting CVar [[r.LightMaxDrawDistanceScale:1]]
[2020.03.19-15.44.55:574][  0]LogConfig: Setting CVar [[r.CapsuleShadows:1]]
[2020.03.19-15.44.55:574][  0]LogConfig: Applying CVar settings from Section [PostProcessQuality@3] File [D:/1606002/Documents/Relativity/RelativityGame/Saved/Config/Windows/Scalability.ini]
[2020.03.19-15.44.55:574][  0]LogConfig: Setting CVar [[r.MotionBlurQuality:4]]
[2020.03.19-15.44.55:574][  0]LogConfig: Setting CVar [[r.AmbientOcclusionMipLevelFactor:0.4]]
[2020.03.19-15.44.55:574][  0]LogConfig: Setting CVar [[r.AmbientOcclusionMaxQuality:100]]
[2020.03.19-15.44.55:574][  0]LogConfig: Setting CVar [[r.AmbientOcclusionLevels:-1]]
[2020.03.19-15.44.55:574][  0]LogConfig: Setting CVar [[r.AmbientOcclusionRadiusScale:1.0]]
[2020.03.19-15.44.55:574][  0]LogConfig: Setting CVar [[r.DepthOfFieldQuality:2]]
[2020.03.19-15.44.55:574][  0]LogConfig: Setting CVar [[r.RenderTargetPoolMin:400]]
[2020.03.19-15.44.55:574][  0]LogConfig: Setting CVar [[r.LensFlareQuality:2]]
[2020.03.19-15.44.55:574][  0]LogConfig: Setting CVar [[r.SceneColorFringeQuality:1]]
[2020.03.19-15.44.55:574][  0]LogConfig: Setting CVar [[r.EyeAdaptationQuality:2]]
[2020.03.19-15.44.55:574][  0]LogConfig: Setting CVar [[r.BloomQuality:5]]
[2020.03.19-15.44.55:574][  0]LogConfig: Setting CVar [[r.FastBlurThreshold:100]]
[2020.03.19-15.44.55:574][  0]LogConfig: Setting CVar [[r.Upscale.Quality:3]]
[2020.03.19-15.44.55:574][  0]LogConfig: Setting CVar [[r.Tonemapper.GrainQuantization:1]]
[2020.03.19-15.44.55:574][  0]LogConfig: Setting CVar [[r.LightShaftQuality:1]]
[2020.03.19-15.44.55:574][  0]LogConfig: Setting CVar [[r.Filter.SizeScale:1]]
[2020.03.19-15.44.55:574][  0]LogConfig: Setting CVar [[r.Tonemapper.Quality:5]]
[2020.03.19-15.44.55:574][  0]LogConfig: Setting CVar [[r.DOF.Gather.AccumulatorQuality:1        ; higher gathering accumulator quality]]
[2020.03.19-15.44.55:574][  0]LogConfig: Setting CVar [[r.DOF.Gather.PostfilterMethod:1          ; Median3x3 postfilering method]]
[2020.03.19-15.44.55:574][  0]LogConfig: Setting CVar [[r.DOF.Gather.EnableBokehSettings:0       ; no bokeh simulation when gathering]]
[2020.03.19-15.44.55:574][  0]LogConfig: Setting CVar [[r.DOF.Gather.RingCount:4                 ; medium number of samples when gathering]]
[2020.03.19-15.44.55:574][  0]LogConfig: Setting CVar [[r.DOF.Scatter.ForegroundCompositing:1    ; additive foreground scattering]]
[2020.03.19-15.44.55:574][  0]LogConfig: Setting CVar [[r.DOF.Scatter.BackgroundCompositing:2    ; additive background scattering]]
[2020.03.19-15.44.55:574][  0]LogConfig: Setting CVar [[r.DOF.Scatter.EnableBokehSettings:1      ; bokeh simulation when scattering]]
[2020.03.19-15.44.55:574][  0]LogConfig: Setting CVar [[r.DOF.Scatter.MaxSpriteRatio:0.1         ; only a maximum of 10% of scattered bokeh]]
[2020.03.19-15.44.55:574][  0]LogConfig: Setting CVar [[r.DOF.Recombine.Quality:1                ; cheap slight out of focus]]
[2020.03.19-15.44.55:574][  0]LogConfig: Setting CVar [[r.DOF.Recombine.EnableBokehSettings:0    ; no bokeh simulation on slight out of focus]]
[2020.03.19-15.44.55:574][  0]LogConfig: Setting CVar [[r.DOF.TemporalAAQuality:1                ; more stable temporal accumulation]]
[2020.03.19-15.44.55:574][  0]LogConfig: Setting CVar [[r.DOF.Kernel.MaxForegroundRadius:0.025]]
[2020.03.19-15.44.55:574][  0]LogConfig: Setting CVar [[r.DOF.Kernel.MaxBackgroundRadius:0.025]]
[2020.03.19-15.44.55:574][  0]LogConfig: Applying CVar settings from Section [TextureQuality@3] File [D:/1606002/Documents/Relativity/RelativityGame/Saved/Config/Windows/Scalability.ini]
[2020.03.19-15.44.55:574][  0]LogConfig: Setting CVar [[r.Streaming.MipBias:0]]
[2020.03.19-15.44.55:574][  0]LogConfig: Setting CVar [[r.Streaming.AmortizeCPUToGPUCopy:0]]
[2020.03.19-15.44.55:574][  0]LogConfig: Setting CVar [[r.Streaming.MaxNumTexturesToStreamPerFrame:0]]
[2020.03.19-15.44.55:574][  0]LogConfig: Setting CVar [[r.Streaming.Boost:1]]
[2020.03.19-15.44.55:574][  0]LogConfig: Setting CVar [[r.MaxAnisotropy:8]]
[2020.03.19-15.44.55:574][  0]LogConfig: Setting CVar [[r.Streaming.LimitPoolSizeToVRAM:0]]
[2020.03.19-15.44.55:574][  0]LogConfig: Setting CVar [[r.Streaming.PoolSize:1000]]
[2020.03.19-15.44.55:574][  0]LogConfig: Setting CVar [[r.Streaming.MaxEffectiveScreenSize:0]]
[2020.03.19-15.44.55:574][  0]LogConfig: Applying CVar settings from Section [EffectsQuality@3] File [D:/1606002/Documents/Relativity/RelativityGame/Saved/Config/Windows/Scalability.ini]
[2020.03.19-15.44.55:574][  0]LogConfig: Setting CVar [[r.TranslucencyLightingVolumeDim:64]]
[2020.03.19-15.44.55:574][  0]LogConfig: Setting CVar [[r.RefractionQuality:2]]
[2020.03.19-15.44.55:574][  0]LogConfig: Setting CVar [[r.SSR.Quality:3]]
[2020.03.19-15.44.55:574][  0]LogConfig: Setting CVar [[r.SceneColorFormat:4]]
[2020.03.19-15.44.55:574][  0]LogConfig: Setting CVar [[r.DetailMode:2]]
[2020.03.19-15.44.55:574][  0]LogConfig: Setting CVar [[r.TranslucencyVolumeBlur:1]]
[2020.03.19-15.44.55:574][  0]LogConfig: Setting CVar [[r.MaterialQualityLevel:1 ; High quality]]
[2020.03.19-15.44.55:574][  0]LogConfig: Setting CVar [[r.SSS.Scale:1]]
[2020.03.19-15.44.55:574][  0]LogConfig: Setting CVar [[r.SSS.SampleSet:2]]
[2020.03.19-15.44.55:574][  0]LogConfig: Setting CVar [[r.SSS.Quality:1]]
[2020.03.19-15.44.55:574][  0]LogConfig: Setting CVar [[r.SSS.HalfRes:1]]
[2020.03.19-15.44.55:574][  0]LogConfig: Setting CVar [[r.EmitterSpawnRateScale:1.0]]
[2020.03.19-15.44.55:574][  0]LogConfig: Setting CVar [[r.ParticleLightQuality:2]]
[2020.03.19-15.44.55:574][  0]LogConfig: Applying CVar settings from Section [FoliageQuality@3] File [D:/1606002/Documents/Relativity/RelativityGame/Saved/Config/Windows/Scalability.ini]
[2020.03.19-15.44.55:574][  0]LogConfig: Setting CVar [[foliage.DensityScale:1.0]]
[2020.03.19-15.44.55:574][  0]LogConfig: Setting CVar [[grass.DensityScale:1.0]]
[2020.03.19-15.44.55:574][  0]LogConfig: Applying CVar settings from Section [Startup] File [../../../Engine/Config/ConsoleVariables.ini]
[2020.03.19-15.44.55:575][  0]LogConfig: Setting CVar [[net.UseAdaptiveNetUpdateFrequency:0]]
[2020.03.19-15.44.55:575][  0]LogConfig: Setting CVar [[p.chaos.AllowCreatePhysxBodies:1]]
[2020.03.19-15.44.55:575][  0]LogConfig: Applying CVar settings from Section [ConsoleVariables] File [D:/1606002/Documents/Relativity/RelativityGame/Saved/Config/Windows/Engine.ini]
[2020.03.19-15.44.55:575][  0]LogInit: Computer: DESKTOP-O0Q8LFN
[2020.03.19-15.44.55:575][  0]LogInit: User: 1606002
[2020.03.19-15.44.55:575][  0]LogInit: CPU Page size=4096, Cores=4
[2020.03.19-15.44.55:575][  0]LogInit: High frequency timer resolution =10.000000 MHz
[2020.03.19-15.44.55:575][  0]LogMemory: Memory total: Physical=16.0GB (16GB approx)
[2020.03.19-15.44.55:575][  0]LogMemory: Platform Memory Stats for Windows
[2020.03.19-15.44.55:575][  0]LogMemory: Process Physical Memory: 97.00 MB used, 97.00 MB peak
[2020.03.19-15.44.55:575][  0]LogMemory: Process Virtual Memory: 92.60 MB used, 92.60 MB peak
[2020.03.19-15.44.55:575][  0]LogMemory: Physical Memory: 6828.00 MB used,  9523.15 MB free, 16351.15 MB total
[2020.03.19-15.44.55:575][  0]LogMemory: Virtual Memory: 4655.46 MB used,  134213072.00 MB free, 134217728.00 MB total
[2020.03.19-15.44.55:673][  0]LogInit: Using OS detected language (en-GB).
[2020.03.19-15.44.55:673][  0]LogInit: Using OS detected locale (en-GB).
[2020.03.19-15.44.55:678][  0]LogTextLocalizationManager: No specific localization for 'en-GB' exists, so the 'en' localization will be used.
[2020.03.19-15.44.55:905][  0]LogInit: Setting process to per monitor DPI aware
[2020.03.19-15.44.56:044][  0]LogSlate: New Slate User Created.  User Index 0, Is Virtual User: 0
[2020.03.19-15.44.56:044][  0]LogSlate: Slate User Registered.  User Index 0, Is Virtual User: 0
[2020.03.19-15.44.56:464][  0]LogD3D11RHI: D3D11 adapters:
[2020.03.19-15.44.56:590][  0]LogD3D11RHI:    0. 'NVIDIA GeForce GTX 970' (Feature Level 11_0)
[2020.03.19-15.44.56:590][  0]LogD3D11RHI:       4043/0/8175 MB DedicatedVideo/DedicatedSystem/SharedSystem, Outputs:2, VendorId:0x10de
[2020.03.19-15.44.56:594][  0]LogD3D11RHI:    1. 'Microsoft Basic Render Driver' (Feature Level 11_0)
[2020.03.19-15.44.56:594][  0]LogD3D11RHI:       0/0/8175 MB DedicatedVideo/DedicatedSystem/SharedSystem, Outputs:0, VendorId:0x1414
[2020.03.19-15.44.56:594][  0]LogD3D11RHI: Chosen D3D11 Adapter: 0
[2020.03.19-15.44.56:602][  0]LogD3D11RHI: Creating new Direct3DDevice
[2020.03.19-15.44.56:602][  0]LogD3D11RHI:     GPU DeviceId: 0x13c2 (for the marketing name, search the web for "GPU Device Id")
[2020.03.19-15.44.56:602][  0]LogWindows: EnumDisplayDevices:
[2020.03.19-15.44.56:602][  0]LogWindows:    0. 'NVIDIA GeForce GTX 970' (P:1 D:1)
[2020.03.19-15.44.56:603][  0]LogWindows:    1. 'NVIDIA GeForce GTX 970' (P:0 D:1)
[2020.03.19-15.44.56:603][  0]LogWindows:    2. 'NVIDIA GeForce GTX 970' (P:0 D:0)
[2020.03.19-15.44.56:604][  0]LogWindows:    3. 'NVIDIA GeForce GTX 970' (P:0 D:0)
[2020.03.19-15.44.56:604][  0]LogWindows: DebugString: FoundDriverCount:4 
[2020.03.19-15.44.56:604][  0]LogD3D11RHI:     Adapter Name: NVIDIA GeForce GTX 970
[2020.03.19-15.44.56:604][  0]LogD3D11RHI:   Driver Version: 436.15 (internal:26.21.14.3615, unified:436.15)
[2020.03.19-15.44.56:604][  0]LogD3D11RHI:      Driver Date: 8-24-2019
[2020.03.19-15.44.56:604][  0]LogRHI: Texture pool is 2830 MB (70% of 4043 MB)
[2020.03.19-15.44.56:669][  0]LogD3D11RHI: Async texture creation enabled
[2020.03.19-15.44.56:684][  0]LogRendererCore: FGlobalReadBuffer::InitRHI
[2020.03.19-15.44.56:685][  0]LogRendererCore: FGlobalReadBuffer::InitRHI
[2020.03.19-15.44.56:685][  0]LogRendererCore: FGlobalReadBuffer::InitRHI
[2020.03.19-15.44.56:693][  0]LogD3D11RHI: GPU Timing Frequency: 1000.000000 (Debug: 2 1)
[2020.03.19-15.44.57:299][  0]LogTemp: Display: Module 'AllDesktopTargetPlatform' loaded TargetPlatform 'AllDesktop'
[2020.03.19-15.44.57:336][  0]LogTemp: Display: Module 'MacClientTargetPlatform' loaded TargetPlatform 'MacClient'
[2020.03.19-15.44.57:374][  0]LogTemp: Display: Module 'MacNoEditorTargetPlatform' loaded TargetPlatform 'MacNoEditor'
[2020.03.19-15.44.57:412][  0]LogTemp: Display: Module 'MacServerTargetPlatform' loaded TargetPlatform 'MacServer'
[2020.03.19-15.44.57:438][  0]LogTemp: Display: Module 'MacTargetPlatform' loaded TargetPlatform 'Mac'
[2020.03.19-15.44.57:476][  0]LogTemp: Display: Module 'WindowsClientTargetPlatform' loaded TargetPlatform 'WindowsClient'
[2020.03.19-15.44.57:514][  0]LogTemp: Display: Module 'WindowsNoEditorTargetPlatform' loaded TargetPlatform 'WindowsNoEditor'
[2020.03.19-15.44.57:553][  0]LogTemp: Display: Module 'WindowsServerTargetPlatform' loaded TargetPlatform 'WindowsServer'
[2020.03.19-15.44.57:569][  0]LogTemp: Display: Module 'WindowsTargetPlatform' loaded TargetPlatform 'Windows'
[2020.03.19-15.44.57:697][  0]LogTemp: Display: Module 'AndroidTargetPlatform' loaded TargetPlatform 'Android'
[2020.03.19-15.44.57:697][  0]LogTemp: Display: Module 'AndroidTargetPlatform' loaded TargetPlatform 'Android_ASTC'
[2020.03.19-15.44.57:697][  0]LogTemp: Display: Module 'AndroidTargetPlatform' loaded TargetPlatform 'Android_ATC'
[2020.03.19-15.44.57:697][  0]LogTemp: Display: Module 'AndroidTargetPlatform' loaded TargetPlatform 'Android_DXT'
[2020.03.19-15.44.57:697][  0]LogTemp: Display: Module 'AndroidTargetPlatform' loaded TargetPlatform 'Android_ETC1'
[2020.03.19-15.44.57:697][  0]LogTemp: Display: Module 'AndroidTargetPlatform' loaded TargetPlatform 'Android_ETC1a'
[2020.03.19-15.44.57:697][  0]LogTemp: Display: Module 'AndroidTargetPlatform' loaded TargetPlatform 'Android_ETC2'
[2020.03.19-15.44.57:697][  0]LogTemp: Display: Module 'AndroidTargetPlatform' loaded TargetPlatform 'Android_PVRTC'
[2020.03.19-15.44.57:697][  0]LogTemp: Display: Module 'AndroidTargetPlatform' loaded TargetPlatform 'AndroidClient'
[2020.03.19-15.44.57:697][  0]LogTemp: Display: Module 'AndroidTargetPlatform' loaded TargetPlatform 'Android_ASTCClient'
[2020.03.19-15.44.57:697][  0]LogTemp: Display: Module 'AndroidTargetPlatform' loaded TargetPlatform 'Android_ATCClient'
[2020.03.19-15.44.57:697][  0]LogTemp: Display: Module 'AndroidTargetPlatform' loaded TargetPlatform 'Android_DXTClient'
[2020.03.19-15.44.57:697][  0]LogTemp: Display: Module 'AndroidTargetPlatform' loaded TargetPlatform 'Android_ETC1Client'
[2020.03.19-15.44.57:697][  0]LogTemp: Display: Module 'AndroidTargetPlatform' loaded TargetPlatform 'Android_ETC1aClient'
[2020.03.19-15.44.57:697][  0]LogTemp: Display: Module 'AndroidTargetPlatform' loaded TargetPlatform 'Android_ETC2Client'
[2020.03.19-15.44.57:697][  0]LogTemp: Display: Module 'AndroidTargetPlatform' loaded TargetPlatform 'Android_PVRTCClient'
[2020.03.19-15.44.57:698][  0]LogTemp: Display: Module 'AndroidTargetPlatform' loaded TargetPlatform 'Android_Multi'
[2020.03.19-15.44.57:698][  0]LogTemp: Display: Module 'AndroidTargetPlatform' loaded TargetPlatform 'Android_MultiClient'
[2020.03.19-15.44.57:716][  0]LogTemp: Display: Module 'HTML5TargetPlatform' loaded TargetPlatform 'HTML5'
[2020.03.19-15.44.57:841][  0]LogTemp: Display: Module 'IOSTargetPlatform' loaded TargetPlatform 'IOSClient'
[2020.03.19-15.44.57:841][  0]LogTemp: Display: Module 'IOSTargetPlatform' loaded TargetPlatform 'IOS'
[2020.03.19-15.44.57:885][  0]LogTemp: Display: Module 'TVOSTargetPlatform' loaded TargetPlatform 'TVOSClient'
[2020.03.19-15.44.57:885][  0]LogTemp: Display: Module 'TVOSTargetPlatform' loaded TargetPlatform 'TVOS'
[2020.03.19-15.44.57:932][  0]LogTemp: Display: Module 'LinuxClientTargetPlatform' loaded TargetPlatform 'LinuxClient'
[2020.03.19-15.44.57:965][  0]LogTemp: Display: Module 'LinuxNoEditorTargetPlatform' loaded TargetPlatform 'LinuxNoEditor'
[2020.03.19-15.44.57:998][  0]LogTemp: Display: Module 'LinuxServerTargetPlatform' loaded TargetPlatform 'LinuxServer'
[2020.03.19-15.44.58:018][  0]LogTemp: Display: Module 'LinuxTargetPlatform' loaded TargetPlatform 'Linux'
[2020.03.19-15.44.58:091][  0]LogTemp: Display: Module 'LuminTargetPlatform' loaded TargetPlatform 'Lumin'
[2020.03.19-15.44.58:091][  0]LogTemp: Display: Module 'LuminTargetPlatform' loaded TargetPlatform 'LuminClient'
[2020.03.19-15.44.58:092][  0]LogTargetPlatformManager: Display: Building Assets For Windows
[2020.03.19-15.44.58:127][  0]LogAudioDebug: Display: Lib vorbis DLL was dynamically loaded.
[2020.03.19-15.44.58:445][  0]LogShaderCompilers: Guid format shader working directory is -6 characters bigger than the processId version (../../../../../../Documents/Relativity/RelativityGame/Intermediate/Shaders/WorkingDirectory/10984/).
[2020.03.19-15.44.58:445][  0]LogShaderCompilers: Cleaned the shader compiler working directory 'C:/Users/1606002/AppData/Local/Temp/UnrealShaderWorkingDir/D56D3EA04A74C8A2AAA690897A2F7001/'.
[2020.03.19-15.44.58:455][  0]LogXGEController: Cannot use XGE Controller as Incredibuild is not installed on this machine.
[2020.03.19-15.44.58:455][  0]LogShaderCompilers: Cannot use XGE Shader Compiler as Incredibuild is not installed on this machine.
[2020.03.19-15.44.58:455][  0]LogShaderCompilers: Display: Using Local Shader Compiler.
[2020.03.19-15.44.59:246][  0]LogDerivedDataCache: Display: Max Cache Size: 512 MB
[2020.03.19-15.44.59:306][  0]LogDerivedDataCache: Loaded boot cache 0.06s 71MB C:/Users/1606002/AppData/Local/UnrealEngine/4.22/DerivedDataCache/Boot.ddc.
[2020.03.19-15.44.59:307][  0]LogDerivedDataCache: Display: Loaded Boot cache: C:/Users/1606002/AppData/Local/UnrealEngine/4.22/DerivedDataCache/Boot.ddc
[2020.03.19-15.44.59:307][  0]LogDerivedDataCache: FDerivedDataBackendGraph:  Pak pak cache file ../../../../../../Documents/Relativity/RelativityGame/DerivedDataCache/DDC.ddp not found, will not use a pak cache.
[2020.03.19-15.44.59:307][  0]LogDerivedDataCache: Unable to find inner node Pak for hierarchical cache Hierarchy.
[2020.03.19-15.44.59:307][  0]LogDerivedDataCache: FDerivedDataBackendGraph:  CompressedPak pak cache file ../../../../../../Documents/Relativity/RelativityGame/DerivedDataCache/Compressed.ddp not found, will not use a pak cache.
[2020.03.19-15.44.59:307][  0]LogDerivedDataCache: Unable to find inner node CompressedPak for hierarchical cache Hierarchy.
[2020.03.19-15.44.59:324][  0]LogDerivedDataCache: Display: Pak cache opened for reading ../../../Engine/DerivedDataCache/Compressed.ddp.
[2020.03.19-15.44.59:325][  0]LogDerivedDataCache: FDerivedDataBackendGraph:  EnterprisePak pak cache file ../../../Enterprise/DerivedDataCache/Compressed.ddp not found, will not use a pak cache.
[2020.03.19-15.44.59:325][  0]LogDerivedDataCache: Unable to find inner node EnterprisePak for hierarchical cache Hierarchy.
[2020.03.19-15.44.59:338][  0]LogDerivedDataCache: Using Local data cache path C:/Users/1606002/AppData/Local/UnrealEngine/Common/DerivedDataCache: Writable
[2020.03.19-15.44.59:338][  0]LogDerivedDataCache: Shared data cache path not found in *engine.ini, will not use an Shared cache.
[2020.03.19-15.44.59:338][  0]LogDerivedDataCache: Unable to find inner node Shared for hierarchical cache Hierarchy.
[2020.03.19-15.44.59:381][  0]LogMaterial: Verifying Global Shaders for PCD3D_SM5
[2020.03.19-15.44.59:383][  0]LogSlate: Using FreeType 2.6.0
[2020.03.19-15.44.59:384][  0]LogSlate: SlateFontServices - WITH_FREETYPE: 1, WITH_HARFBUZZ: 1
[2020.03.19-15.44.59:621][  0]LogAssetRegistry: FAssetRegistry took 0.0368 seconds to start up
[2020.03.19-15.45.00:051][  0]LogInit: Selected Device Profile: [Windows]
[2020.03.19-15.45.00:528][  0]LogMeshReduction: Using QuadricMeshReduction for automatic static mesh reduction
[2020.03.19-15.45.00:528][  0]LogMeshReduction: Using SimplygonMeshReduction for automatic skeletal mesh reduction
[2020.03.19-15.45.00:528][  0]LogMeshReduction: Using ProxyLODMeshReduction for automatic mesh merging
[2020.03.19-15.45.00:528][  0]LogMeshReduction: No distributed automatic mesh merging module available
[2020.03.19-15.45.00:528][  0]LogMeshMerging: No distributed automatic mesh merging module available
[2020.03.19-15.45.00:541][  0]LogNetVersion: Relativity 1.0.0, NetCL: 5660361, EngineNetVer: 10, GameNetVer: 0 (Checksum: 3738703332)
[2020.03.19-15.45.01:205][  0]LogPackageLocalizationCache: Processed 6 localized package path(s) for 1 prioritized culture(s) in 0.109994 seconds
[2020.03.19-15.45.01:220][  0]LogUObjectArray: 40948 objects as part of root set at end of initial load.
[2020.03.19-15.45.01:220][  0]LogUObjectAllocator: 7093448 out of 0 bytes used by permanent object pool.
[2020.03.19-15.45.01:220][  0]LogUObjectArray: CloseDisregardForGC: 0/0 objects in disregard for GC pool
[2020.03.19-15.45.04:253][  0]SourceControl: Source control is disabled
[2020.03.19-15.45.04:253][  0]SourceControl: Source control is disabled
[2020.03.19-15.45.04:257][  0]SourceControl: Source control is disabled
[2020.03.19-15.45.05:131][  0]LogEngine: Initializing Engine...
[2020.03.19-15.45.05:133][  0]LogStats: UGameplayTagsManager::InitializeManager -  0.000 s
[2020.03.19-15.45.05:430][  0]LogInit: Initializing FReadOnlyCVARCache
[2020.03.19-15.45.05:472][  0]LogAIModule: Creating AISystem for world Untitled
[2020.03.19-15.45.05:590][  0]LogInit: XAudio2 using 'Speakers (High Definition Audio Device)' : 2 channels at 48 kHz using 16 bits per sample (channel mask 0x3)
[2020.03.19-15.45.05:641][  0]LogInit: FAudioDevice initialized.
[2020.03.19-15.45.05:641][  0]LogNetVersion: Set ProjectVersion to 1.0.0.0. Version Checksum will be recalculated on next use.
[2020.03.19-15.45.05:753][  0]LogDerivedDataCache: Saved boot cache 0.11s 71MB C:/Users/1606002/AppData/Local/UnrealEngine/4.22/DerivedDataCache/Boot.ddc.
[2020.03.19-15.45.05:763][  0]LogInit: Texture streaming: Enabled
[2020.03.19-15.45.05:879][  0]LogEngineSessionManager: EngineSessionManager initialized
[2020.03.19-15.45.05:940][  0]LogInit: Transaction tracking system initialized
[2020.03.19-15.45.06:040][  0]BlueprintLog: New page: Editor Load
[2020.03.19-15.45.06:522][  0]LocalizationService: Localization service is disabled
[2020.03.19-15.45.06:655][  0]LogModuleManager: Warning: ModuleManager: Unable to load module 'TcpMessaging'  - 0 instances of that module name found.
[2020.03.19-15.45.06:704][  0]LogModuleManager: Warning: ModuleManager: Unable to load module 'TcpMessaging'  - 0 instances of that module name found.
[2020.03.19-15.45.07:119][  0]LogCook: Display: Max memory allowance for cook 16384mb min free memory 0mb
[2020.03.19-15.45.07:119][  0]LogCook: Display: Mobile HDR setting 1
[2020.03.19-15.45.07:742][  0]LogFileCache: Scanning file cache for directory 'D:/1606002/Documents/Relativity/RelativityGame/Content/' took 0.05s
[2020.03.19-15.45.07:762][  0]SourceControl: Source control is disabled
[2020.03.19-15.45.07:763][  0]Cmd: MAP LOAD FILE="../../../../../../Documents/Relativity/RelativityGame/Content/Levels/RelativityLevel.umap" TEMPLATE=0 SHOWPROGRESS=1 FEATURELEVEL=3
[2020.03.19-15.45.07:763][  0]LogEditorServer: Warning: Can't find file '../../../../../../Documents/Relativity/RelativityGame/Content/Levels/RelativityLevel.umap'
[2020.03.19-15.45.07:763][  0]Cmd: MAP CHECKDEP NOCLEARLOG
[2020.03.19-15.45.07:763][  0]MapCheck: Map check complete: 0 Error(s), 0 Warning(s), took 0.132ms to complete.
[2020.03.19-15.45.07:763][  0]LogFileHelpers: Loading map 'RelativityLevel' took 0.001
[2020.03.19-15.45.08:161][  0]LogSlate: Updating window title bar state: overlay mode, drag disabled, window buttons hidden, title bar hidden
[2020.03.19-15.45.08:171][  0]LogSlate: Updating window title bar state: overlay mode, drag disabled, window buttons hidden, title bar hidden
[2020.03.19-15.45.08:181][  0]LogSlate: Updating window title bar state: overlay mode, drag disabled, window buttons hidden, title bar hidden
[2020.03.19-15.45.08:192][  0]LogSlate: Updating window title bar state: overlay mode, drag disabled, window buttons hidden, title bar hidden
[2020.03.19-15.45.08:246][  0]LogCollectionManager: Loaded 0 collections in 0.016677 seconds
[2020.03.19-15.45.08:367][  0]LogFileCache: Scanning file cache for directory 'D:/1606002/Documents/Relativity/RelativityGame/Saved/Collections/' took 0.01s
[2020.03.19-15.45.08:367][  0]LogFileCache: Scanning file cache for directory 'D:/1606002/Documents/Relativity/RelativityGame/Content/Developers/1606002/Collections/' took 0.00s
[2020.03.19-15.45.08:367][  0]LogFileCache: Scanning file cache for directory 'D:/1606002/Documents/Relativity/RelativityGame/Content/Collections/' took 0.00s
[2020.03.19-15.45.08:367][  0]LogCollectionManager: Rebuilt the GUID cache for 0 collections in 0.000000 seconds
[2020.03.19-15.45.08:383][  0]LogContentBrowser: Native class hierarchy populated in 0.0165 seconds. Added 2600 classes and 582 folders.
[2020.03.19-15.45.08:441][  0]LogContentBrowser: Native class hierarchy updated for 'WidgetCarousel' in 0.0022 seconds. Added 0 classes and 0 folders.
[2020.03.19-15.45.08:498][  0]LogPakFile: Registered encryption key '00000000000000000000000000000000': 0 pak files mounted, 0 remain pending
[2020.03.19-15.45.08:582][  0]LogPakFile: Registered encryption key '00000000000000000000000000000000': 0 pak files mounted, 0 remain pending
[2020.03.19-15.45.08:607][  0]LogPakFile: Registered encryption key '00000000000000000000000000000000': 0 pak files mounted, 0 remain pending
[2020.03.19-15.45.08:628][  0]LogPakFile: Registered encryption key '00000000000000000000000000000000': 0 pak files mounted, 0 remain pending
[2020.03.19-15.45.08:635][  0]LogPakFile: Registered encryption key '00000000000000000000000000000000': 0 pak files mounted, 0 remain pending
[2020.03.19-15.45.08:643][  0]LogPakFile: Registered encryption key '00000000000000000000000000000000': 0 pak files mounted, 0 remain pending
[2020.03.19-15.45.08:651][  0]LogPakFile: Registered encryption key '00000000000000000000000000000000': 0 pak files mounted, 0 remain pending
[2020.03.19-15.45.08:660][  0]LogPakFile: Registered encryption key '00000000000000000000000000000000': 0 pak files mounted, 0 remain pending
[2020.03.19-15.45.08:678][  0]LogPakFile: Registered encryption key '00000000000000000000000000000000': 0 pak files mounted, 0 remain pending
[2020.03.19-15.45.08:687][  0]LogPakFile: Registered encryption key '00000000000000000000000000000000': 0 pak files mounted, 0 remain pending
[2020.03.19-15.45.08:696][  0]LogPakFile: Registered encryption key '00000000000000000000000000000000': 0 pak files mounted, 0 remain pending
[2020.03.19-15.45.08:703][  0]LogPakFile: Registered encryption key '00000000000000000000000000000000': 0 pak files mounted, 0 remain pending
[2020.03.19-15.45.08:713][  0]LogPakFile: Registered encryption key '00000000000000000000000000000000': 0 pak files mounted, 0 remain pending
[2020.03.19-15.45.08:722][  0]LogPakFile: Registered encryption key '00000000000000000000000000000000': 0 pak files mounted, 0 remain pending
[2020.03.19-15.45.08:737][  0]LogPakFile: Registered encryption key '00000000000000000000000000000000': 0 pak files mounted, 0 remain pending
[2020.03.19-15.45.08:746][  0]LogPakFile: Registered encryption key '00000000000000000000000000000000': 0 pak files mounted, 0 remain pending
[2020.03.19-15.45.08:784][  0]LogPakFile: Registered encryption key '00000000000000000000000000000000': 0 pak files mounted, 0 remain pending
[2020.03.19-15.45.08:800][  0]LogPakFile: Registered encryption key '00000000000000000000000000000000': 0 pak files mounted, 0 remain pending
[2020.03.19-15.45.08:808][  0]LogPakFile: Registered encryption key '00000000000000000000000000000000': 0 pak files mounted, 0 remain pending
[2020.03.19-15.45.08:833][  0]LogPakFile: Registered encryption key '00000000000000000000000000000000': 0 pak files mounted, 0 remain pending
[2020.03.19-15.45.08:841][  0]LogPakFile: Registered encryption key '00000000000000000000000000000000': 0 pak files mounted, 0 remain pending
[2020.03.19-15.45.08:848][  0]LogPakFile: Registered encryption key '00000000000000000000000000000000': 0 pak files mounted, 0 remain pending
[2020.03.19-15.45.08:856][  0]LogPakFile: Registered encryption key '00000000000000000000000000000000': 0 pak files mounted, 0 remain pending
[2020.03.19-15.45.08:863][  0]LogPakFile: Registered encryption key '00000000000000000000000000000000': 0 pak files mounted, 0 remain pending
[2020.03.19-15.45.08:878][  0]LogPakFile: Registered encryption key '00000000000000000000000000000000': 0 pak files mounted, 0 remain pending
[2020.03.19-15.45.08:886][  0]LogPakFile: Registered encryption key '00000000000000000000000000000000': 0 pak files mounted, 0 remain pending
[2020.03.19-15.45.09:685][  0]LogContentBrowser: Native class hierarchy updated for 'AddContentDialog' in 0.0018 seconds. Added 0 classes and 0 folders.
[2020.03.19-15.45.09:735][  0]LogContentBrowser: Native class hierarchy updated for 'SceneOutliner' in 0.0022 seconds. Added 1 classes and 2 folders.
[2020.03.19-15.45.09:804][  0]LogSlate: Took 0.000367 seconds to synchronously load lazily loaded font '../../../Engine/Content/Slate/Fonts/Roboto-Regular.ttf' (155K)
[2020.03.19-15.45.09:807][  0]LogSlate: Took 0.000374 seconds to synchronously load lazily loaded font '../../../Engine/Content/Slate/Fonts/Roboto-Bold.ttf' (160K)
[2020.03.19-15.45.09:828][  0]LogSlate: Took 0.012334 seconds to synchronously load lazily loaded font '../../../Engine/Content/Editor/Slate/Fonts/FontAwesome.ttf' (139K)
[2020.03.19-15.45.10:158][  0]LogRenderer: Reallocating scene render targets to support 1052x580 Format 10 NumSamples 1 (Frame:1).
[2020.03.19-15.45.10:321][  0]LogContentBrowser: Native class hierarchy updated for 'HierarchicalLODOutliner' in 0.0021 seconds. Added 0 classes and 0 folders.
[2020.03.19-15.45.10:321][  0]LogLoad: (Engine Initialization) Total time: 25.59 seconds
[2020.03.19-15.45.10:321][  0]LogLoad: (Engine Initialization) Total Blueprint compile time: 0.00 seconds
[2020.03.19-15.45.10:361][  0]LogAssetRegistry: Asset discovery search completed in 10.7616 seconds
[2020.03.19-15.45.10:363][  0]LogCollectionManager: Rebuilt the object cache for 0 collections in 0.000000 seconds (found 0 objects)
[2020.03.19-15.45.10:363][  0]LogCollectionManager: Fixed up redirectors for 0 collections in 0.000057 seconds (updated 0 objects)
[2020.03.19-15.45.10:375][  0]LogContentStreaming: Texture pool size now 1000 MB
[2020.03.19-15.45.10:480][  0]LogSlate: Took 0.023065 seconds to synchronously load lazily loaded font '../../../Engine/Content/Slate/Fonts/Roboto-Light.ttf' (167K)
[2020.03.19-15.45.11:363][ 74]LogSlate: Took 0.000452 seconds to synchronously load lazily loaded font '../../../Engine/Content/Slate/Fonts/Roboto-Light.ttf' (167K)
[2020.03.19-15.46.53:434][470]LogSlate: FSceneViewport::OnFocusLost() reason 0
[2020.03.19-15.47.00:956][992]LogAIModule: Creating AISystem for world RelativityLevel1
[2020.03.19-15.47.01:007][992]LogAssetEditorManager: Opening Asset editor for World /Game/Levels/RelativityLevel1.RelativityLevel1
[2020.03.19-15.47.01:049][992]LogUObjectHash: Compacting FUObjectHashTables data took   3.70ms
[2020.03.19-15.47.01:051][992]Cmd: MAP LOAD FILE="../../../../../../Documents/Relativity/RelativityGame/Content/Levels/RelativityLevel1.umap" TEMPLATE=0 SHOWPROGRESS=1 FEATURELEVEL=3
[2020.03.19-15.47.01:051][992]LightingResults: New page: Lighting Build
[2020.03.19-15.47.01:060][992]LogContentBrowser: Native class hierarchy updated for 'StatsViewer' in 0.0014 seconds. Added 5 classes and 0 folders.
[2020.03.19-15.47.01:061][992]LoadErrors: New page: Loading map: RelativityLevel1.umap
[2020.03.19-15.47.01:061][992]MapCheck: New page: Map Check
[2020.03.19-15.47.01:061][992]LightingResults: New page: Lighting Build
[2020.03.19-15.47.01:084][992]LogUObjectHash: Compacting FUObjectHashTables data took   2.72ms
[2020.03.19-15.47.01:184][992]LogEditorServer: Finished looking for orphan Actors (0.000 secs)
[2020.03.19-15.47.01:226][992]LogUObjectHash: Compacting FUObjectHashTables data took   2.08ms
[2020.03.19-15.47.01:276][992]Cmd: MAP CHECKDEP NOCLEARLOG
[2020.03.19-15.47.01:276][992]MapCheck: Map check complete: 0 Error(s), 0 Warning(s), took 0.164ms to complete.
[2020.03.19-15.47.01:277][992]LogFileHelpers: Loading map 'RelativityLevel1' took 0.226
[2020.03.19-15.50.50:821][903]LogAssetEditorManager: Opening Asset editor for StaticMesh /Game/Models/EnvironmentalAssets/EnvironmentalAssets_Tree.EnvironmentalAssets_Tree
[2020.03.19-15.50.52:536][903]LogAssetEditorManager: Opening Asset editor for LevelSequence /Game/Animation/TrapDoorSeq.TrapDoorSeq
[2020.03.19-15.50.53:182][903]LogRenderer: Reallocating scene render targets to support 1052x712 Format 10 NumSamples 1 (Frame:1).
[2020.03.19-15.50.53:182][903]LogSlate: Took 0.021058 seconds to synchronously load lazily loaded font '../../../Engine/Content/Slate/Fonts/Roboto-Italic.ttf' (157K)
[2020.03.19-15.50.58:434][289]LogSlate: Window 'EnvironmentalAssets_Tree' being destroyed
[2020.03.19-15.50.58:440][289]LogSlate: Window 'EnvironmentalAssets_Tree' being destroyed
