Log file open, 03/20/20 12:43:49
LogWindows: Failed to load 'aqProf.dll' (GetLastError=126)
LogWindows: File 'aqProf.dll' does not exist
LogWindows: Failed to load 'VtuneApi.dll' (GetLastError=126)
LogWindows: File 'VtuneApi.dll' does not exist
LogWindows: Failed to load 'VtuneApi32e.dll' (GetLastError=126)
LogWindows: File 'VtuneApi32e.dll' does not exist
LogConsoleResponse: Display: Failed to find resolution value strings in scalability ini. Falling back to default.
LogInit: Display: Running engine for game: Relativity
LogPakFile: Registered encryption key '00000000000000000000000000000000': 0 pak files mounted, 0 remain pending
LogPlatformFile: Not using cached read wrapper
LogTaskGraph: Started task graph with 5 named threads and 23 total threads with 3 sets of task threads.
LogStats: Stats thread started at 0.348762
LogD3D11RHI: Loaded GFSDK_Aftermath_Lib.x64.dll
LogICUInternationalization: ICU TimeZone Detection - Raw Offset: +0:00, Platform Override: ''
LogPluginManager: Mounting plugin AISupport
LogPluginManager: Mounting plugin LightPropagationVolume
LogPluginManager: Mounting plugin ActorLayerUtilities
LogPluginManager: Mounting plugin AnimationSharing
LogPluginManager: Mounting plugin PerforceSourceControl
LogPluginManager: Mounting plugin SubversionSourceControl
LogPluginManager: Mounting plugin UObjectPlugin
LogPluginManager: Mounting plugin VisualStudioCodeSourceCodeAccess
LogPluginManager: Mounting plugin VisualStudioSourceCodeAccess
LogPluginManager: Mounting plugin AssetManagerEditor
LogPluginManager: Mounting plugin CryptoKeys
LogPluginManager: Mounting plugin DataValidation
LogPluginManager: Mounting plugin FacialAnimation
LogPluginManager: Mounting plugin GameplayTagsEditor
LogPluginManager: Mounting plugin MacGraphicsSwitching
LogPluginManager: Mounting plugin MaterialAnalyzer
LogPluginManager: Mounting plugin MobileLauncherProfileWizard
LogPluginManager: Mounting plugin PluginBrowser
LogPluginManager: Mounting plugin SpeedTreeImporter
LogPluginManager: Mounting plugin VariantManagerContent
LogPluginManager: Mounting plugin AlembicImporter
LogPluginManager: Mounting plugin AppleImageUtils
LogPluginManager: Mounting plugin AppleVision
LogPluginManager: Mounting plugin BackChannel
LogPluginManager: Mounting plugin CharacterAI
LogPluginManager: Mounting plugin GeometryCache
LogPluginManager: Mounting plugin HTML5Networking
LogPluginManager: Mounting plugin ProxyLODPlugin
LogPluginManager: Mounting plugin SkeletalReduction
LogPluginManager: Mounting plugin AndroidMedia
LogPluginManager: Mounting plugin AvfMedia
LogPluginManager: Mounting plugin ImgMedia
LogPluginManager: Mounting plugin LinearTimecode
LogPluginManager: Mounting plugin MediaCompositing
LogPluginManager: Mounting plugin MediaPlayerEditor
LogPluginManager: Mounting plugin WebMMedia
LogPluginManager: Mounting plugin WmfMedia
LogPluginManager: Mounting plugin ActorSequence
LogPluginManager: Mounting plugin LevelSequenceEditor
LogPluginManager: Mounting plugin MatineeToLevelSequence
LogPluginManager: Mounting plugin NetcodeUnitTest
LogPluginManager: Mounting plugin NUTUnrealEngine4
LogPluginManager: Mounting plugin OnlineSubsystemIOS
LogPluginManager: Mounting plugin OnlineSubsystem
LogPluginManager: Mounting plugin OnlineSubsystemNull
LogPluginManager: Mounting plugin OnlineSubsystemUtils
LogPluginManager: Mounting plugin LauncherChunkInstaller
LogPluginManager: Mounting plugin ArchVisCharacter
LogPluginManager: Mounting plugin CableComponent
LogPluginManager: Mounting plugin CustomMeshComponent
LogPluginManager: Mounting plugin EditableMesh
LogPluginManager: Mounting plugin ExampleDeviceProfileSelector
LogPluginManager: Mounting plugin Firebase
LogPluginManager: Mounting plugin GoogleCloudMessaging
LogPluginManager: Mounting plugin IOSDeviceProfileSelector
LogPluginManager: Mounting plugin LinuxDeviceProfileSelector
LogPluginManager: Mounting plugin PhysXVehicles
LogPluginManager: Mounting plugin ProceduralMeshComponent
LogPluginManager: Mounting plugin RuntimePhysXCooking
LogPluginManager: Mounting plugin SignificanceManager
LogPluginManager: Mounting plugin WebMMoviePlayer
LogPluginManager: Mounting plugin DirGravity
LogInit: Using libcurl 7.55.1-DEV
LogInit:  - built for x86_64-pc-win32
LogInit:  - supports SSL with OpenSSL/1.1.1
LogInit:  - supports HTTP deflate (compression) using libz 1.2.8
LogInit:  - other features:
LogInit:      CURL_VERSION_SSL
LogInit:      CURL_VERSION_LIBZ
LogInit:      CURL_VERSION_IPV6
LogInit:      CURL_VERSION_ASYNCHDNS
LogInit:      CURL_VERSION_LARGEFILE
LogInit:      CURL_VERSION_IDN
LogInit:  CurlRequestOptions (configurable via config and command line):
LogInit:  - bVerifyPeer = true  - Libcurl will verify peer certificate
LogInit:  - bUseHttpProxy = false  - Libcurl will NOT use HTTP proxy
LogInit:  - bDontReuseConnections = false  - Libcurl will reuse connections
LogInit:  - MaxHostConnections = 16  - Libcurl will limit the number of connections to a host
LogInit:  - LocalHostAddr = Default
LogInit:  - BufferSize = 65536
LogInit: WinSock: version 1.1 (2.2), MaxSocks=32767, MaxUdp=65467
LogInit: Build: ++UE4+Release-4.22-CL-7053642
LogInit: Engine Version: 4.22.3-7053642+++UE4+Release-4.22
LogInit: Compatible Engine Version: 4.22.0-5660361+++UE4+Release-4.22
LogInit: Net CL: 5660361
LogInit: OS: Windows 10 (Release 1809) (), CPU:        Intel(R) Core(TM) i7-2600K CPU @ 3.40GHz, GPU: NVIDIA GeForce GTX 970
LogInit: Compiled (64-bit): Jun 18 2019 03:09:11
LogInit: Compiled with Visual C++: 19.16.27025.01
LogInit: Build Configuration: Development
LogInit: Branch Name: ++UE4+Release-4.22
LogInit: Command Line: 
LogInit: Base Directory: D:/1606002/Games/EPIC/UE_4.22/Engine/Binaries/Win64/
LogInit: Installed Engine Build: 1
LogDevObjectVersion: Number of dev versions registered: 23
LogDevObjectVersion:   Dev-Blueprints (B0D832E4-1F89-4F0D-ACCF-7EB736FD4AA2): 10
LogDevObjectVersion:   Dev-Build (E1C64328-A22C-4D53-A36C-8E866417BD8C): 0
LogDevObjectVersion:   Dev-Core (375EC13C-06E4-48FB-B500-84F0262A717E): 3
LogDevObjectVersion:   Dev-Editor (E4B068ED-F494-42E9-A231-DA0B2E46BB41): 30
LogDevObjectVersion:   Dev-Framework (CFFC743F-43B0-4480-9391-14DF171D2073): 35
LogDevObjectVersion:   Dev-Mobile (B02B49B5-BB20-44E9-A304-32B752E40360): 2
LogDevObjectVersion:   Dev-Networking (A4E4105C-59A1-49B5-A7C5-40C4547EDFEE): 0
LogDevObjectVersion:   Dev-Online (39C831C9-5AE6-47DC-9A44-9C173E1C8E7C): 0
LogDevObjectVersion:   Dev-Physics (78F01B33-EBEA-4F98-B9B4-84EACCB95AA2): 0
LogDevObjectVersion:   Dev-Platform (6631380F-2D4D-43E0-8009-CF276956A95A): 0
LogDevObjectVersion:   Dev-Rendering (12F88B9F-8875-4AFC-A67C-D90C383ABD29): 28
LogDevObjectVersion:   Dev-Sequencer (7B5AE74C-D270-4C10-A958-57980B212A5A): 11
LogDevObjectVersion:   Dev-VR (D7296918-1DD6-4BDD-9DE2-64A83CC13884): 2
LogDevObjectVersion:   Dev-LoadTimes (C2A15278-BFE7-4AFE-6C17-90FF531DF755): 1
LogDevObjectVersion:   Private-Geometry (6EACA3D4-40EC-4CC1-B786-8BED09428FC5): 3
LogDevObjectVersion:   Dev-AnimPhys (29E575DD-E0A3-4627-9D10-D276232CDCEA): 17
LogDevObjectVersion:   Dev-Anim (AF43A65D-7FD3-4947-9873-3E8ED9C1BB05): 2
LogDevObjectVersion:   Dev-ReflectionCapture (6B266CEC-1EC7-4B8F-A30B-E4D90942FC07): 1
LogDevObjectVersion:   Dev-Automation (0DF73D61-A23F-47EA-B727-89E90C41499A): 1
LogDevObjectVersion:   FortniteMain (601D1886-AC64-4F84-AA16-D3DE0DEAC7D6): 25
LogDevObjectVersion:   Dev-Enterprise (9DFFBCD6-494F-0158-E221-12823C92A888): 6
LogDevObjectVersion:   Dev-Niagara (F2AED0AC-9AFE-416F-8664-AA7FFA26D6FC): 1
LogDevObjectVersion:   Dev-Destruction (174F1F0B-B4C6-45A5-B13F-2EE8D0FB917D): 2
LogInit: Presizing for max 16777216 objects, including 0 objects not considered by GC, pre-allocating 0 bytes for permanent pool.
LogInit: Object subsystem initialized
LogConfig: Setting CVar [[con.DebugEarlyDefault:1]]
LogConfig: Setting CVar [[r.setres:1280x720]]
[2020.03.20-12.43.51:149][  0]LogConfig: Setting CVar [[r.VSync:0]]
[2020.03.20-12.43.51:150][  0]LogConfig: Setting CVar [[r.RHICmdBypass:0]]
[2020.03.20-12.43.51:150][  0]LogConfig: Applying CVar settings from Section [/Script/Engine.RendererSettings] File [D:/1606002/Documents/Relativity/RelativityGame/Saved/Config/Windows/Engine.ini]
[2020.03.20-12.43.51:150][  0]LogConfig: Setting CVar [[r.GPUCrashDebugging:0]]
[2020.03.20-12.43.51:150][  0]LogConfig: Setting CVar [[r.DefaultFeature.AutoExposure:0]]
[2020.03.20-12.43.51:150][  0]LogConfig: Setting CVar [[r.DefaultFeature.AutoExposure.Method:0]]
[2020.03.20-12.43.51:150][  0]LogConfig: Setting CVar [[r.SeparateTranslucency:0]]
[2020.03.20-12.43.51:150][  0]LogConfig: Setting CVar [[r.CustomDepth:3]]
[2020.03.20-12.43.51:150][  0]LogConfig: Applying CVar settings from Section [/Script/Engine.RendererOverrideSettings] File [D:/1606002/Documents/Relativity/RelativityGame/Saved/Config/Windows/Engine.ini]
[2020.03.20-12.43.51:150][  0]LogConfig: Applying CVar settings from Section [/Script/Engine.StreamingSettings] File [D:/1606002/Documents/Relativity/RelativityGame/Saved/Config/Windows/Engine.ini]
[2020.03.20-12.43.51:150][  0]LogConfig: Setting CVar [[s.MinBulkDataSizeForAsyncLoading:131072]]
[2020.03.20-12.43.51:150][  0]LogConfig: Setting CVar [[s.AsyncLoadingThreadEnabled:0]]
[2020.03.20-12.43.51:150][  0]LogConfig: Setting CVar [[s.EventDrivenLoaderEnabled:1]]
[2020.03.20-12.43.51:150][  0]LogConfig: Setting CVar [[s.WarnIfTimeLimitExceeded:0]]
[2020.03.20-12.43.51:150][  0]LogConfig: Setting CVar [[s.TimeLimitExceededMultiplier:1.5]]
[2020.03.20-12.43.51:150][  0]LogConfig: Setting CVar [[s.TimeLimitExceededMinTime:0.005]]
[2020.03.20-12.43.51:150][  0]LogConfig: Setting CVar [[s.UseBackgroundLevelStreaming:1]]
[2020.03.20-12.43.51:150][  0]LogConfig: Setting CVar [[s.PriorityAsyncLoadingExtraTime:15.0]]
[2020.03.20-12.43.51:150][  0]LogConfig: Setting CVar [[s.LevelStreamingActorsUpdateTimeLimit:5.0]]
[2020.03.20-12.43.51:150][  0]LogConfig: Setting CVar [[s.PriorityLevelStreamingActorsUpdateExtraTime:5.0]]
[2020.03.20-12.43.51:150][  0]LogConfig: Setting CVar [[s.LevelStreamingComponentsRegistrationGranularity:10]]
[2020.03.20-12.43.51:150][  0]LogConfig: Setting CVar [[s.UnregisterComponentsTimeLimit:1.0]]
[2020.03.20-12.43.51:150][  0]LogConfig: Setting CVar [[s.LevelStreamingComponentsUnregistrationGranularity:5]]
[2020.03.20-12.43.51:150][  0]LogConfig: Applying CVar settings from Section [/Script/Engine.GarbageCollectionSettings] File [D:/1606002/Documents/Relativity/RelativityGame/Saved/Config/Windows/Engine.ini]
[2020.03.20-12.43.51:150][  0]LogConfig: Setting CVar [[gc.MaxObjectsNotConsideredByGC:1]]
[2020.03.20-12.43.51:150][  0]LogConfig: Setting CVar [[gc.SizeOfPermanentObjectPool:0]]
[2020.03.20-12.43.51:151][  0]LogConfig: Setting CVar [[gc.FlushStreamingOnGC:0]]
[2020.03.20-12.43.51:151][  0]LogConfig: Setting CVar [[gc.NumRetriesBeforeForcingGC:10]]
[2020.03.20-12.43.51:151][  0]LogConfig: Setting CVar [[gc.AllowParallelGC:1]]
[2020.03.20-12.43.51:151][  0]LogConfig: Setting CVar [[gc.TimeBetweenPurgingPendingKillObjects:61.1]]
[2020.03.20-12.43.51:151][  0]LogConfig: Setting CVar [[gc.MaxObjectsInEditor:16777216]]
[2020.03.20-12.43.51:151][  0]LogConfig: Setting CVar [[gc.IncrementalBeginDestroyEnabled:1]]
[2020.03.20-12.43.51:151][  0]LogConfig: Setting CVar [[gc.CreateGCClusters:1]]
[2020.03.20-12.43.51:151][  0]LogConfig: Setting CVar [[gc.MinGCClusterSize:5]]
[2020.03.20-12.43.51:151][  0]LogConfig: Setting CVar [[gc.ActorClusteringEnabled:0]]
[2020.03.20-12.43.51:151][  0]LogConfig: Setting CVar [[gc.BlueprintClusteringEnabled:0]]
[2020.03.20-12.43.51:151][  0]LogConfig: Setting CVar [[gc.UseDisregardForGCOnDedicatedServers:0]]
[2020.03.20-12.43.51:151][  0]LogConfig: Applying CVar settings from Section [/Script/Engine.NetworkSettings] File [D:/1606002/Documents/Relativity/RelativityGame/Saved/Config/Windows/Engine.ini]
[2020.03.20-12.43.51:151][  0]LogConfig: Applying CVar settings from Section [/Script/UnrealEd.CookerSettings] File [D:/1606002/Documents/Relativity/RelativityGame/Saved/Config/Windows/Engine.ini]
[2020.03.20-12.43.51:170][  0]LogConfig: Applying CVar settings from Section [ViewDistanceQuality@3] File [D:/1606002/Documents/Relativity/RelativityGame/Saved/Config/Windows/Scalability.ini]
[2020.03.20-12.43.51:171][  0]LogConfig: Setting CVar [[r.SkeletalMeshLODBias:0]]
[2020.03.20-12.43.51:171][  0]LogConfig: Setting CVar [[r.ViewDistanceScale:1.0]]
[2020.03.20-12.43.51:171][  0]LogConfig: Applying CVar settings from Section [AntiAliasingQuality@3] File [D:/1606002/Documents/Relativity/RelativityGame/Saved/Config/Windows/Scalability.ini]
[2020.03.20-12.43.51:171][  0]LogConfig: Setting CVar [[r.PostProcessAAQuality:4]]
[2020.03.20-12.43.51:171][  0]LogConfig: Applying CVar settings from Section [ShadowQuality@3] File [D:/1606002/Documents/Relativity/RelativityGame/Saved/Config/Windows/Scalability.ini]
[2020.03.20-12.43.51:171][  0]LogConfig: Setting CVar [[r.LightFunctionQuality:1]]
[2020.03.20-12.43.51:171][  0]LogConfig: Setting CVar [[r.ShadowQuality:5]]
[2020.03.20-12.43.51:171][  0]LogConfig: Setting CVar [[r.Shadow.CSM.MaxCascades:10]]
[2020.03.20-12.43.51:171][  0]LogConfig: Setting CVar [[r.Shadow.MaxResolution:2048]]
[2020.03.20-12.43.51:171][  0]LogConfig: Setting CVar [[r.Shadow.MaxCSMResolution:2048]]
[2020.03.20-12.43.51:171][  0]LogConfig: Setting CVar [[r.Shadow.RadiusThreshold:0.01]]
[2020.03.20-12.43.51:171][  0]LogConfig: Setting CVar [[r.Shadow.DistanceScale:1.0]]
[2020.03.20-12.43.51:171][  0]LogConfig: Setting CVar [[r.Shadow.CSM.TransitionScale:1.0]]
[2020.03.20-12.43.51:171][  0]LogConfig: Setting CVar [[r.Shadow.PreShadowResolutionFactor:1.0]]
[2020.03.20-12.43.51:171][  0]LogConfig: Setting CVar [[r.DistanceFieldShadowing:1]]
[2020.03.20-12.43.51:171][  0]LogConfig: Setting CVar [[r.DistanceFieldAO:1]]
[2020.03.20-12.43.51:171][  0]LogConfig: Setting CVar [[r.AOQuality:2]]
[2020.03.20-12.43.51:171][  0]LogConfig: Setting CVar [[r.VolumetricFog:1]]
[2020.03.20-12.43.51:171][  0]LogConfig: Setting CVar [[r.VolumetricFog.GridPixelSize:8]]
[2020.03.20-12.43.51:171][  0]LogConfig: Setting CVar [[r.VolumetricFog.GridSizeZ:128]]
[2020.03.20-12.43.51:171][  0]LogConfig: Setting CVar [[r.VolumetricFog.HistoryMissSupersampleCount:4]]
[2020.03.20-12.43.51:171][  0]LogConfig: Setting CVar [[r.LightMaxDrawDistanceScale:1]]
[2020.03.20-12.43.51:171][  0]LogConfig: Setting CVar [[r.CapsuleShadows:1]]
[2020.03.20-12.43.51:171][  0]LogConfig: Applying CVar settings from Section [PostProcessQuality@3] File [D:/1606002/Documents/Relativity/RelativityGame/Saved/Config/Windows/Scalability.ini]
[2020.03.20-12.43.51:171][  0]LogConfig: Setting CVar [[r.MotionBlurQuality:4]]
[2020.03.20-12.43.51:171][  0]LogConfig: Setting CVar [[r.AmbientOcclusionMipLevelFactor:0.4]]
[2020.03.20-12.43.51:171][  0]LogConfig: Setting CVar [[r.AmbientOcclusionMaxQuality:100]]
[2020.03.20-12.43.51:171][  0]LogConfig: Setting CVar [[r.AmbientOcclusionLevels:-1]]
[2020.03.20-12.43.51:172][  0]LogConfig: Setting CVar [[r.AmbientOcclusionRadiusScale:1.0]]
[2020.03.20-12.43.51:172][  0]LogConfig: Setting CVar [[r.DepthOfFieldQuality:2]]
[2020.03.20-12.43.51:172][  0]LogConfig: Setting CVar [[r.RenderTargetPoolMin:400]]
[2020.03.20-12.43.51:172][  0]LogConfig: Setting CVar [[r.LensFlareQuality:2]]
[2020.03.20-12.43.51:172][  0]LogConfig: Setting CVar [[r.SceneColorFringeQuality:1]]
[2020.03.20-12.43.51:172][  0]LogConfig: Setting CVar [[r.EyeAdaptationQuality:2]]
[2020.03.20-12.43.51:172][  0]LogConfig: Setting CVar [[r.BloomQuality:5]]
[2020.03.20-12.43.51:172][  0]LogConfig: Setting CVar [[r.FastBlurThreshold:100]]
[2020.03.20-12.43.51:172][  0]LogConfig: Setting CVar [[r.Upscale.Quality:3]]
[2020.03.20-12.43.51:172][  0]LogConfig: Setting CVar [[r.Tonemapper.GrainQuantization:1]]
[2020.03.20-12.43.51:172][  0]LogConfig: Setting CVar [[r.LightShaftQuality:1]]
[2020.03.20-12.43.51:172][  0]LogConfig: Setting CVar [[r.Filter.SizeScale:1]]
[2020.03.20-12.43.51:172][  0]LogConfig: Setting CVar [[r.Tonemapper.Quality:5]]
[2020.03.20-12.43.51:172][  0]LogConfig: Setting CVar [[r.DOF.Gather.AccumulatorQuality:1        ; higher gathering accumulator quality]]
[2020.03.20-12.43.51:172][  0]LogConfig: Setting CVar [[r.DOF.Gather.PostfilterMethod:1          ; Median3x3 postfilering method]]
[2020.03.20-12.43.51:172][  0]LogConfig: Setting CVar [[r.DOF.Gather.EnableBokehSettings:0       ; no bokeh simulation when gathering]]
[2020.03.20-12.43.51:172][  0]LogConfig: Setting CVar [[r.DOF.Gather.RingCount:4                 ; medium number of samples when gathering]]
[2020.03.20-12.43.51:172][  0]LogConfig: Setting CVar [[r.DOF.Scatter.ForegroundCompositing:1    ; additive foreground scattering]]
[2020.03.20-12.43.51:172][  0]LogConfig: Setting CVar [[r.DOF.Scatter.BackgroundCompositing:2    ; additive background scattering]]
[2020.03.20-12.43.51:172][  0]LogConfig: Setting CVar [[r.DOF.Scatter.EnableBokehSettings:1      ; bokeh simulation when scattering]]
[2020.03.20-12.43.51:172][  0]LogConfig: Setting CVar [[r.DOF.Scatter.MaxSpriteRatio:0.1         ; only a maximum of 10% of scattered bokeh]]
[2020.03.20-12.43.51:172][  0]LogConfig: Setting CVar [[r.DOF.Recombine.Quality:1                ; cheap slight out of focus]]
[2020.03.20-12.43.51:172][  0]LogConfig: Setting CVar [[r.DOF.Recombine.EnableBokehSettings:0    ; no bokeh simulation on slight out of focus]]
[2020.03.20-12.43.51:173][  0]LogConfig: Setting CVar [[r.DOF.TemporalAAQuality:1                ; more stable temporal accumulation]]
[2020.03.20-12.43.51:173][  0]LogConfig: Setting CVar [[r.DOF.Kernel.MaxForegroundRadius:0.025]]
[2020.03.20-12.43.51:173][  0]LogConfig: Setting CVar [[r.DOF.Kernel.MaxBackgroundRadius:0.025]]
[2020.03.20-12.43.51:173][  0]LogConfig: Applying CVar settings from Section [TextureQuality@3] File [D:/1606002/Documents/Relativity/RelativityGame/Saved/Config/Windows/Scalability.ini]
[2020.03.20-12.43.51:173][  0]LogConfig: Setting CVar [[r.Streaming.MipBias:0]]
[2020.03.20-12.43.51:173][  0]LogConfig: Setting CVar [[r.Streaming.AmortizeCPUToGPUCopy:0]]
[2020.03.20-12.43.51:173][  0]LogConfig: Setting CVar [[r.Streaming.MaxNumTexturesToStreamPerFrame:0]]
[2020.03.20-12.43.51:173][  0]LogConfig: Setting CVar [[r.Streaming.Boost:1]]
[2020.03.20-12.43.51:173][  0]LogConfig: Setting CVar [[r.MaxAnisotropy:8]]
[2020.03.20-12.43.51:173][  0]LogConfig: Setting CVar [[r.Streaming.LimitPoolSizeToVRAM:0]]
[2020.03.20-12.43.51:173][  0]LogConfig: Setting CVar [[r.Streaming.PoolSize:1000]]
[2020.03.20-12.43.51:173][  0]LogConfig: Setting CVar [[r.Streaming.MaxEffectiveScreenSize:0]]
[2020.03.20-12.43.51:173][  0]LogConfig: Applying CVar settings from Section [EffectsQuality@3] File [D:/1606002/Documents/Relativity/RelativityGame/Saved/Config/Windows/Scalability.ini]
[2020.03.20-12.43.51:173][  0]LogConfig: Setting CVar [[r.TranslucencyLightingVolumeDim:64]]
[2020.03.20-12.43.51:173][  0]LogConfig: Setting CVar [[r.RefractionQuality:2]]
[2020.03.20-12.43.51:173][  0]LogConfig: Setting CVar [[r.SSR.Quality:3]]
[2020.03.20-12.43.51:173][  0]LogConfig: Setting CVar [[r.SceneColorFormat:4]]
[2020.03.20-12.43.51:173][  0]LogConfig: Setting CVar [[r.DetailMode:2]]
[2020.03.20-12.43.51:173][  0]LogConfig: Setting CVar [[r.TranslucencyVolumeBlur:1]]
[2020.03.20-12.43.51:173][  0]LogConfig: Setting CVar [[r.MaterialQualityLevel:1 ; High quality]]
[2020.03.20-12.43.51:173][  0]LogConfig: Setting CVar [[r.SSS.Scale:1]]
[2020.03.20-12.43.51:174][  0]LogConfig: Setting CVar [[r.SSS.SampleSet:2]]
[2020.03.20-12.43.51:174][  0]LogConfig: Setting CVar [[r.SSS.Quality:1]]
[2020.03.20-12.43.51:174][  0]LogConfig: Setting CVar [[r.SSS.HalfRes:1]]
[2020.03.20-12.43.51:174][  0]LogConfig: Setting CVar [[r.EmitterSpawnRateScale:1.0]]
[2020.03.20-12.43.51:174][  0]LogConfig: Setting CVar [[r.ParticleLightQuality:2]]
[2020.03.20-12.43.51:174][  0]LogConfig: Applying CVar settings from Section [FoliageQuality@3] File [D:/1606002/Documents/Relativity/RelativityGame/Saved/Config/Windows/Scalability.ini]
[2020.03.20-12.43.51:174][  0]LogConfig: Setting CVar [[foliage.DensityScale:1.0]]
[2020.03.20-12.43.51:174][  0]LogConfig: Setting CVar [[grass.DensityScale:1.0]]
[2020.03.20-12.43.51:174][  0]LogInit: Selected Device Profile: [Windows]
[2020.03.20-12.43.51:174][  0]LogInit: Applying CVar settings loaded from the selected device profile: [Windows]
[2020.03.20-12.43.51:231][  0]LogHAL: Display: Platform has ~ 16 GB [17145421824 / 17179869184 / 16], which maps to Larger [LargestMinGB=32, LargerMinGB=12, DefaultMinGB=8, SmallerMinGB=6, SmallestMinGB=0)
[2020.03.20-12.43.51:231][  0]LogConfig: Setting CVar [[r.Vulkan.UseRealUBs:0		; Required until we fix HLR fall-out]]
[2020.03.20-12.43.51:231][  0]LogInit: Going up to parent DeviceProfile []
[2020.03.20-12.43.51:231][  0]LogConfig: Applying CVar settings from Section [ViewDistanceQuality@3] File [D:/1606002/Documents/Relativity/RelativityGame/Saved/Config/Windows/Scalability.ini]
[2020.03.20-12.43.51:231][  0]LogConfig: Setting CVar [[r.SkeletalMeshLODBias:0]]
[2020.03.20-12.43.51:231][  0]LogConfig: Setting CVar [[r.ViewDistanceScale:1.0]]
[2020.03.20-12.43.51:231][  0]LogConfig: Applying CVar settings from Section [AntiAliasingQuality@3] File [D:/1606002/Documents/Relativity/RelativityGame/Saved/Config/Windows/Scalability.ini]
[2020.03.20-12.43.51:231][  0]LogConfig: Setting CVar [[r.PostProcessAAQuality:4]]
[2020.03.20-12.43.51:231][  0]LogConfig: Applying CVar settings from Section [ShadowQuality@3] File [D:/1606002/Documents/Relativity/RelativityGame/Saved/Config/Windows/Scalability.ini]
[2020.03.20-12.43.51:232][  0]LogConfig: Setting CVar [[r.LightFunctionQuality:1]]
[2020.03.20-12.43.51:232][  0]LogConfig: Setting CVar [[r.ShadowQuality:5]]
[2020.03.20-12.43.51:232][  0]LogConfig: Setting CVar [[r.Shadow.CSM.MaxCascades:10]]
[2020.03.20-12.43.51:232][  0]LogConfig: Setting CVar [[r.Shadow.MaxResolution:2048]]
[2020.03.20-12.43.51:232][  0]LogConfig: Setting CVar [[r.Shadow.MaxCSMResolution:2048]]
[2020.03.20-12.43.51:232][  0]LogConfig: Setting CVar [[r.Shadow.RadiusThreshold:0.01]]
[2020.03.20-12.43.51:232][  0]LogConfig: Setting CVar [[r.Shadow.DistanceScale:1.0]]
[2020.03.20-12.43.51:232][  0]LogConfig: Setting CVar [[r.Shadow.CSM.TransitionScale:1.0]]
[2020.03.20-12.43.51:232][  0]LogConfig: Setting CVar [[r.Shadow.PreShadowResolutionFactor:1.0]]
[2020.03.20-12.43.51:232][  0]LogConfig: Setting CVar [[r.DistanceFieldShadowing:1]]
[2020.03.20-12.43.51:232][  0]LogConfig: Setting CVar [[r.DistanceFieldAO:1]]
[2020.03.20-12.43.51:232][  0]LogConfig: Setting CVar [[r.AOQuality:2]]
[2020.03.20-12.43.51:232][  0]LogConfig: Setting CVar [[r.VolumetricFog:1]]
[2020.03.20-12.43.51:232][  0]LogConfig: Setting CVar [[r.VolumetricFog.GridPixelSize:8]]
[2020.03.20-12.43.51:232][  0]LogConfig: Setting CVar [[r.VolumetricFog.GridSizeZ:128]]
[2020.03.20-12.43.51:232][  0]LogConfig: Setting CVar [[r.VolumetricFog.HistoryMissSupersampleCount:4]]
[2020.03.20-12.43.51:232][  0]LogConfig: Setting CVar [[r.LightMaxDrawDistanceScale:1]]
[2020.03.20-12.43.51:232][  0]LogConfig: Setting CVar [[r.CapsuleShadows:1]]
[2020.03.20-12.43.51:232][  0]LogConfig: Applying CVar settings from Section [PostProcessQuality@3] File [D:/1606002/Documents/Relativity/RelativityGame/Saved/Config/Windows/Scalability.ini]
[2020.03.20-12.43.51:232][  0]LogConfig: Setting CVar [[r.MotionBlurQuality:4]]
[2020.03.20-12.43.51:232][  0]LogConfig: Setting CVar [[r.AmbientOcclusionMipLevelFactor:0.4]]
[2020.03.20-12.43.51:232][  0]LogConfig: Setting CVar [[r.AmbientOcclusionMaxQuality:100]]
[2020.03.20-12.43.51:232][  0]LogConfig: Setting CVar [[r.AmbientOcclusionLevels:-1]]
[2020.03.20-12.43.51:232][  0]LogConfig: Setting CVar [[r.AmbientOcclusionRadiusScale:1.0]]
[2020.03.20-12.43.51:232][  0]LogConfig: Setting CVar [[r.DepthOfFieldQuality:2]]
[2020.03.20-12.43.51:232][  0]LogConfig: Setting CVar [[r.RenderTargetPoolMin:400]]
[2020.03.20-12.43.51:232][  0]LogConfig: Setting CVar [[r.LensFlareQuality:2]]
[2020.03.20-12.43.51:232][  0]LogConfig: Setting CVar [[r.SceneColorFringeQuality:1]]
[2020.03.20-12.43.51:233][  0]LogConfig: Setting CVar [[r.EyeAdaptationQuality:2]]
[2020.03.20-12.43.51:233][  0]LogConfig: Setting CVar [[r.BloomQuality:5]]
[2020.03.20-12.43.51:233][  0]LogConfig: Setting CVar [[r.FastBlurThreshold:100]]
[2020.03.20-12.43.51:233][  0]LogConfig: Setting CVar [[r.Upscale.Quality:3]]
[2020.03.20-12.43.51:233][  0]LogConfig: Setting CVar [[r.Tonemapper.GrainQuantization:1]]
[2020.03.20-12.43.51:233][  0]LogConfig: Setting CVar [[r.LightShaftQuality:1]]
[2020.03.20-12.43.51:233][  0]LogConfig: Setting CVar [[r.Filter.SizeScale:1]]
[2020.03.20-12.43.51:233][  0]LogConfig: Setting CVar [[r.Tonemapper.Quality:5]]
[2020.03.20-12.43.51:233][  0]LogConfig: Setting CVar [[r.DOF.Gather.AccumulatorQuality:1        ; higher gathering accumulator quality]]
[2020.03.20-12.43.51:233][  0]LogConfig: Setting CVar [[r.DOF.Gather.PostfilterMethod:1          ; Median3x3 postfilering method]]
[2020.03.20-12.43.51:233][  0]LogConfig: Setting CVar [[r.DOF.Gather.EnableBokehSettings:0       ; no bokeh simulation when gathering]]
[2020.03.20-12.43.51:233][  0]LogConfig: Setting CVar [[r.DOF.Gather.RingCount:4                 ; medium number of samples when gathering]]
[2020.03.20-12.43.51:233][  0]LogConfig: Setting CVar [[r.DOF.Scatter.ForegroundCompositing:1    ; additive foreground scattering]]
[2020.03.20-12.43.51:233][  0]LogConfig: Setting CVar [[r.DOF.Scatter.BackgroundCompositing:2    ; additive background scattering]]
[2020.03.20-12.43.51:233][  0]LogConfig: Setting CVar [[r.DOF.Scatter.EnableBokehSettings:1      ; bokeh simulation when scattering]]
[2020.03.20-12.43.51:233][  0]LogConfig: Setting CVar [[r.DOF.Scatter.MaxSpriteRatio:0.1         ; only a maximum of 10% of scattered bokeh]]
[2020.03.20-12.43.51:233][  0]LogConfig: Setting CVar [[r.DOF.Recombine.Quality:1                ; cheap slight out of focus]]
[2020.03.20-12.43.51:233][  0]LogConfig: Setting CVar [[r.DOF.Recombine.EnableBokehSettings:0    ; no bokeh simulation on slight out of focus]]
[2020.03.20-12.43.51:233][  0]LogConfig: Setting CVar [[r.DOF.TemporalAAQuality:1                ; more stable temporal accumulation]]
[2020.03.20-12.43.51:233][  0]LogConfig: Setting CVar [[r.DOF.Kernel.MaxForegroundRadius:0.025]]
[2020.03.20-12.43.51:233][  0]LogConfig: Setting CVar [[r.DOF.Kernel.MaxBackgroundRadius:0.025]]
[2020.03.20-12.43.51:233][  0]LogConfig: Applying CVar settings from Section [TextureQuality@3] File [D:/1606002/Documents/Relativity/RelativityGame/Saved/Config/Windows/Scalability.ini]
[2020.03.20-12.43.51:233][  0]LogConfig: Setting CVar [[r.Streaming.MipBias:0]]
[2020.03.20-12.43.51:233][  0]LogConfig: Setting CVar [[r.Streaming.AmortizeCPUToGPUCopy:0]]
[2020.03.20-12.43.51:234][  0]LogConfig: Setting CVar [[r.Streaming.MaxNumTexturesToStreamPerFrame:0]]
[2020.03.20-12.43.51:234][  0]LogConfig: Setting CVar [[r.Streaming.Boost:1]]
[2020.03.20-12.43.51:234][  0]LogConfig: Setting CVar [[r.MaxAnisotropy:8]]
[2020.03.20-12.43.51:234][  0]LogConfig: Setting CVar [[r.Streaming.LimitPoolSizeToVRAM:0]]
[2020.03.20-12.43.51:234][  0]LogConfig: Setting CVar [[r.Streaming.PoolSize:1000]]
[2020.03.20-12.43.51:234][  0]LogConfig: Setting CVar [[r.Streaming.MaxEffectiveScreenSize:0]]
[2020.03.20-12.43.51:234][  0]LogConfig: Applying CVar settings from Section [EffectsQuality@3] File [D:/1606002/Documents/Relativity/RelativityGame/Saved/Config/Windows/Scalability.ini]
[2020.03.20-12.43.51:234][  0]LogConfig: Setting CVar [[r.TranslucencyLightingVolumeDim:64]]
[2020.03.20-12.43.51:234][  0]LogConfig: Setting CVar [[r.RefractionQuality:2]]
[2020.03.20-12.43.51:234][  0]LogConfig: Setting CVar [[r.SSR.Quality:3]]
[2020.03.20-12.43.51:234][  0]LogConfig: Setting CVar [[r.SceneColorFormat:4]]
[2020.03.20-12.43.51:234][  0]LogConfig: Setting CVar [[r.DetailMode:2]]
[2020.03.20-12.43.51:234][  0]LogConfig: Setting CVar [[r.TranslucencyVolumeBlur:1]]
[2020.03.20-12.43.51:234][  0]LogConfig: Setting CVar [[r.MaterialQualityLevel:1 ; High quality]]
[2020.03.20-12.43.51:234][  0]LogConfig: Setting CVar [[r.SSS.Scale:1]]
[2020.03.20-12.43.51:234][  0]LogConfig: Setting CVar [[r.SSS.SampleSet:2]]
[2020.03.20-12.43.51:234][  0]LogConfig: Setting CVar [[r.SSS.Quality:1]]
[2020.03.20-12.43.51:234][  0]LogConfig: Setting CVar [[r.SSS.HalfRes:1]]
[2020.03.20-12.43.51:234][  0]LogConfig: Setting CVar [[r.EmitterSpawnRateScale:1.0]]
[2020.03.20-12.43.51:234][  0]LogConfig: Setting CVar [[r.ParticleLightQuality:2]]
[2020.03.20-12.43.51:234][  0]LogConfig: Applying CVar settings from Section [FoliageQuality@3] File [D:/1606002/Documents/Relativity/RelativityGame/Saved/Config/Windows/Scalability.ini]
[2020.03.20-12.43.51:234][  0]LogConfig: Setting CVar [[foliage.DensityScale:1.0]]
[2020.03.20-12.43.51:234][  0]LogConfig: Setting CVar [[grass.DensityScale:1.0]]
[2020.03.20-12.43.51:234][  0]LogConfig: Applying CVar settings from Section [Startup] File [../../../Engine/Config/ConsoleVariables.ini]
[2020.03.20-12.43.51:235][  0]LogConfig: Setting CVar [[net.UseAdaptiveNetUpdateFrequency:0]]
[2020.03.20-12.43.51:235][  0]LogConfig: Setting CVar [[p.chaos.AllowCreatePhysxBodies:1]]
[2020.03.20-12.43.51:235][  0]LogConfig: Applying CVar settings from Section [ConsoleVariables] File [D:/1606002/Documents/Relativity/RelativityGame/Saved/Config/Windows/Engine.ini]
[2020.03.20-12.43.51:235][  0]LogInit: Computer: DESKTOP-O0Q8LFN
[2020.03.20-12.43.51:235][  0]LogInit: User: 1606002
[2020.03.20-12.43.51:235][  0]LogInit: CPU Page size=4096, Cores=4
[2020.03.20-12.43.51:235][  0]LogInit: High frequency timer resolution =10.000000 MHz
[2020.03.20-12.43.51:236][  0]LogMemory: Memory total: Physical=16.0GB (16GB approx)
[2020.03.20-12.43.51:236][  0]LogMemory: Platform Memory Stats for Windows
[2020.03.20-12.43.51:236][  0]LogMemory: Process Physical Memory: 96.25 MB used, 96.25 MB peak
[2020.03.20-12.43.51:236][  0]LogMemory: Process Virtual Memory: 92.56 MB used, 92.56 MB peak
[2020.03.20-12.43.51:236][  0]LogMemory: Physical Memory: 7075.26 MB used,  9275.89 MB free, 16351.15 MB total
[2020.03.20-12.43.51:236][  0]LogMemory: Virtual Memory: 4655.46 MB used,  134213072.00 MB free, 134217728.00 MB total
[2020.03.20-12.43.51:394][  0]LogInit: Using OS detected language (en-GB).
[2020.03.20-12.43.51:394][  0]LogInit: Using OS detected locale (en-GB).
[2020.03.20-12.43.51:401][  0]LogTextLocalizationManager: No specific localization for 'en-GB' exists, so the 'en' localization will be used.
[2020.03.20-12.43.51:623][  0]LogInit: Setting process to per monitor DPI aware
[2020.03.20-12.43.51:716][  0]LogSlate: New Slate User Created.  User Index 0, Is Virtual User: 0
[2020.03.20-12.43.51:716][  0]LogSlate: Slate User Registered.  User Index 0, Is Virtual User: 0
[2020.03.20-12.43.52:107][  0]LogD3D11RHI: D3D11 adapters:
[2020.03.20-12.43.52:234][  0]LogD3D11RHI:    0. 'NVIDIA GeForce GTX 970' (Feature Level 11_0)
[2020.03.20-12.43.52:234][  0]LogD3D11RHI:       4043/0/8175 MB DedicatedVideo/DedicatedSystem/SharedSystem, Outputs:2, VendorId:0x10de
[2020.03.20-12.43.52:238][  0]LogD3D11RHI:    1. 'Microsoft Basic Render Driver' (Feature Level 11_0)
[2020.03.20-12.43.52:238][  0]LogD3D11RHI:       0/0/8175 MB DedicatedVideo/DedicatedSystem/SharedSystem, Outputs:0, VendorId:0x1414
[2020.03.20-12.43.52:238][  0]LogD3D11RHI: Chosen D3D11 Adapter: 0
[2020.03.20-12.43.52:246][  0]LogD3D11RHI: Creating new Direct3DDevice
[2020.03.20-12.43.52:246][  0]LogD3D11RHI:     GPU DeviceId: 0x13c2 (for the marketing name, search the web for "GPU Device Id")
[2020.03.20-12.43.52:246][  0]LogWindows: EnumDisplayDevices:
[2020.03.20-12.43.52:246][  0]LogWindows:    0. 'NVIDIA GeForce GTX 970' (P:1 D:1)
[2020.03.20-12.43.52:247][  0]LogWindows:    1. 'NVIDIA GeForce GTX 970' (P:0 D:1)
[2020.03.20-12.43.52:247][  0]LogWindows:    2. 'NVIDIA GeForce GTX 970' (P:0 D:0)
[2020.03.20-12.43.52:248][  0]LogWindows:    3. 'NVIDIA GeForce GTX 970' (P:0 D:0)
[2020.03.20-12.43.52:248][  0]LogWindows: DebugString: FoundDriverCount:4 
[2020.03.20-12.43.52:248][  0]LogD3D11RHI:     Adapter Name: NVIDIA GeForce GTX 970
[2020.03.20-12.43.52:249][  0]LogD3D11RHI:   Driver Version: 436.15 (internal:26.21.14.3615, unified:436.15)
[2020.03.20-12.43.52:249][  0]LogD3D11RHI:      Driver Date: 8-24-2019
[2020.03.20-12.43.52:249][  0]LogRHI: Texture pool is 2830 MB (70% of 4043 MB)
[2020.03.20-12.43.52:312][  0]LogD3D11RHI: Async texture creation enabled
[2020.03.20-12.43.52:324][  0]LogRendererCore: FGlobalReadBuffer::InitRHI
[2020.03.20-12.43.52:324][  0]LogRendererCore: FGlobalReadBuffer::InitRHI
[2020.03.20-12.43.52:324][  0]LogRendererCore: FGlobalReadBuffer::InitRHI
[2020.03.20-12.43.52:333][  0]LogD3D11RHI: GPU Timing Frequency: 1000.000000 (Debug: 2 1)
[2020.03.20-12.43.52:938][  0]LogTemp: Display: Module 'AllDesktopTargetPlatform' loaded TargetPlatform 'AllDesktop'
[2020.03.20-12.43.52:976][  0]LogTemp: Display: Module 'MacClientTargetPlatform' loaded TargetPlatform 'MacClient'
[2020.03.20-12.43.53:015][  0]LogTemp: Display: Module 'MacNoEditorTargetPlatform' loaded TargetPlatform 'MacNoEditor'
[2020.03.20-12.43.53:054][  0]LogTemp: Display: Module 'MacServerTargetPlatform' loaded TargetPlatform 'MacServer'
[2020.03.20-12.43.53:081][  0]LogTemp: Display: Module 'MacTargetPlatform' loaded TargetPlatform 'Mac'
[2020.03.20-12.43.53:124][  0]LogTemp: Display: Module 'WindowsClientTargetPlatform' loaded TargetPlatform 'WindowsClient'
[2020.03.20-12.43.53:166][  0]LogTemp: Display: Module 'WindowsNoEditorTargetPlatform' loaded TargetPlatform 'WindowsNoEditor'
[2020.03.20-12.43.53:205][  0]LogTemp: Display: Module 'WindowsServerTargetPlatform' loaded TargetPlatform 'WindowsServer'
[2020.03.20-12.43.53:220][  0]LogTemp: Display: Module 'WindowsTargetPlatform' loaded TargetPlatform 'Windows'
[2020.03.20-12.43.53:332][  0]LogTemp: Display: Module 'AndroidTargetPlatform' loaded TargetPlatform 'Android'
[2020.03.20-12.43.53:332][  0]LogTemp: Display: Module 'AndroidTargetPlatform' loaded TargetPlatform 'Android_ASTC'
[2020.03.20-12.43.53:332][  0]LogTemp: Display: Module 'AndroidTargetPlatform' loaded TargetPlatform 'Android_ATC'
[2020.03.20-12.43.53:332][  0]LogTemp: Display: Module 'AndroidTargetPlatform' loaded TargetPlatform 'Android_DXT'
[2020.03.20-12.43.53:332][  0]LogTemp: Display: Module 'AndroidTargetPlatform' loaded TargetPlatform 'Android_ETC1'
[2020.03.20-12.43.53:332][  0]LogTemp: Display: Module 'AndroidTargetPlatform' loaded TargetPlatform 'Android_ETC1a'
[2020.03.20-12.43.53:332][  0]LogTemp: Display: Module 'AndroidTargetPlatform' loaded TargetPlatform 'Android_ETC2'
[2020.03.20-12.43.53:332][  0]LogTemp: Display: Module 'AndroidTargetPlatform' loaded TargetPlatform 'Android_PVRTC'
[2020.03.20-12.43.53:332][  0]LogTemp: Display: Module 'AndroidTargetPlatform' loaded TargetPlatform 'AndroidClient'
[2020.03.20-12.43.53:332][  0]LogTemp: Display: Module 'AndroidTargetPlatform' loaded TargetPlatform 'Android_ASTCClient'
[2020.03.20-12.43.53:332][  0]LogTemp: Display: Module 'AndroidTargetPlatform' loaded TargetPlatform 'Android_ATCClient'
[2020.03.20-12.43.53:332][  0]LogTemp: Display: Module 'AndroidTargetPlatform' loaded TargetPlatform 'Android_DXTClient'
[2020.03.20-12.43.53:332][  0]LogTemp: Display: Module 'AndroidTargetPlatform' loaded TargetPlatform 'Android_ETC1Client'
[2020.03.20-12.43.53:332][  0]LogTemp: Display: Module 'AndroidTargetPlatform' loaded TargetPlatform 'Android_ETC1aClient'
[2020.03.20-12.43.53:332][  0]LogTemp: Display: Module 'AndroidTargetPlatform' loaded TargetPlatform 'Android_ETC2Client'
[2020.03.20-12.43.53:332][  0]LogTemp: Display: Module 'AndroidTargetPlatform' loaded TargetPlatform 'Android_PVRTCClient'
[2020.03.20-12.43.53:332][  0]LogTemp: Display: Module 'AndroidTargetPlatform' loaded TargetPlatform 'Android_Multi'
[2020.03.20-12.43.53:332][  0]LogTemp: Display: Module 'AndroidTargetPlatform' loaded TargetPlatform 'Android_MultiClient'
[2020.03.20-12.43.53:352][  0]LogTemp: Display: Module 'HTML5TargetPlatform' loaded TargetPlatform 'HTML5'
[2020.03.20-12.43.53:461][  0]LogTemp: Display: Module 'IOSTargetPlatform' loaded TargetPlatform 'IOSClient'
[2020.03.20-12.43.53:461][  0]LogTemp: Display: Module 'IOSTargetPlatform' loaded TargetPlatform 'IOS'
[2020.03.20-12.43.53:506][  0]LogTemp: Display: Module 'TVOSTargetPlatform' loaded TargetPlatform 'TVOSClient'
[2020.03.20-12.43.53:506][  0]LogTemp: Display: Module 'TVOSTargetPlatform' loaded TargetPlatform 'TVOS'
[2020.03.20-12.43.53:539][  0]LogTemp: Display: Module 'LinuxClientTargetPlatform' loaded TargetPlatform 'LinuxClient'
[2020.03.20-12.43.53:571][  0]LogTemp: Display: Module 'LinuxNoEditorTargetPlatform' loaded TargetPlatform 'LinuxNoEditor'
[2020.03.20-12.43.53:602][  0]LogTemp: Display: Module 'LinuxServerTargetPlatform' loaded TargetPlatform 'LinuxServer'
[2020.03.20-12.43.53:622][  0]LogTemp: Display: Module 'LinuxTargetPlatform' loaded TargetPlatform 'Linux'
[2020.03.20-12.43.53:698][  0]LogTemp: Display: Module 'LuminTargetPlatform' loaded TargetPlatform 'Lumin'
[2020.03.20-12.43.53:698][  0]LogTemp: Display: Module 'LuminTargetPlatform' loaded TargetPlatform 'LuminClient'
[2020.03.20-12.43.53:698][  0]LogTargetPlatformManager: Display: Building Assets For Windows
[2020.03.20-12.43.53:732][  0]LogAudioDebug: Display: Lib vorbis DLL was dynamically loaded.
[2020.03.20-12.43.54:051][  0]LogShaderCompilers: Guid format shader working directory is -6 characters bigger than the processId version (../../../../../../Documents/Relativity/RelativityGame/Intermediate/Shaders/WorkingDirectory/13980/).
[2020.03.20-12.43.54:051][  0]LogShaderCompilers: Cleaned the shader compiler working directory 'C:/Users/1606002/AppData/Local/Temp/UnrealShaderWorkingDir/C6EB2BBB43BDC8AEA5AD00BC5846E4AF/'.
[2020.03.20-12.43.54:061][  0]LogXGEController: Cannot use XGE Controller as Incredibuild is not installed on this machine.
[2020.03.20-12.43.54:061][  0]LogShaderCompilers: Cannot use XGE Shader Compiler as Incredibuild is not installed on this machine.
[2020.03.20-12.43.54:061][  0]LogShaderCompilers: Display: Using Local Shader Compiler.
[2020.03.20-12.43.54:879][  0]LogDerivedDataCache: Display: Max Cache Size: 512 MB
[2020.03.20-12.43.54:942][  0]LogDerivedDataCache: Loaded boot cache 0.06s 71MB C:/Users/1606002/AppData/Local/UnrealEngine/4.22/DerivedDataCache/Boot.ddc.
[2020.03.20-12.43.54:943][  0]LogDerivedDataCache: Display: Loaded Boot cache: C:/Users/1606002/AppData/Local/UnrealEngine/4.22/DerivedDataCache/Boot.ddc
[2020.03.20-12.43.54:943][  0]LogDerivedDataCache: FDerivedDataBackendGraph:  Pak pak cache file ../../../../../../Documents/Relativity/RelativityGame/DerivedDataCache/DDC.ddp not found, will not use a pak cache.
[2020.03.20-12.43.54:943][  0]LogDerivedDataCache: Unable to find inner node Pak for hierarchical cache Hierarchy.
[2020.03.20-12.43.54:943][  0]LogDerivedDataCache: FDerivedDataBackendGraph:  CompressedPak pak cache file ../../../../../../Documents/Relativity/RelativityGame/DerivedDataCache/Compressed.ddp not found, will not use a pak cache.
[2020.03.20-12.43.54:943][  0]LogDerivedDataCache: Unable to find inner node CompressedPak for hierarchical cache Hierarchy.
[2020.03.20-12.43.54:959][  0]LogDerivedDataCache: Display: Pak cache opened for reading ../../../Engine/DerivedDataCache/Compressed.ddp.
[2020.03.20-12.43.54:959][  0]LogDerivedDataCache: FDerivedDataBackendGraph:  EnterprisePak pak cache file ../../../Enterprise/DerivedDataCache/Compressed.ddp not found, will not use a pak cache.
[2020.03.20-12.43.54:959][  0]LogDerivedDataCache: Unable to find inner node EnterprisePak for hierarchical cache Hierarchy.
[2020.03.20-12.43.54:973][  0]LogDerivedDataCache: Using Local data cache path C:/Users/1606002/AppData/Local/UnrealEngine/Common/DerivedDataCache: Writable
[2020.03.20-12.43.54:973][  0]LogDerivedDataCache: Shared data cache path not found in *engine.ini, will not use an Shared cache.
[2020.03.20-12.43.54:973][  0]LogDerivedDataCache: Unable to find inner node Shared for hierarchical cache Hierarchy.
[2020.03.20-12.43.55:001][  0]LogMaterial: Verifying Global Shaders for PCD3D_SM5
[2020.03.20-12.43.55:002][  0]LogSlate: Using FreeType 2.6.0
[2020.03.20-12.43.55:003][  0]LogSlate: SlateFontServices - WITH_FREETYPE: 1, WITH_HARFBUZZ: 1
[2020.03.20-12.43.55:274][  0]LogAssetRegistry: FAssetRegistry took 0.0373 seconds to start up
[2020.03.20-12.43.55:789][  0]LogInit: Selected Device Profile: [Windows]
[2020.03.20-12.43.56:187][  0]LogMeshReduction: Using QuadricMeshReduction for automatic static mesh reduction
[2020.03.20-12.43.56:187][  0]LogMeshReduction: Using SimplygonMeshReduction for automatic skeletal mesh reduction
[2020.03.20-12.43.56:187][  0]LogMeshReduction: Using ProxyLODMeshReduction for automatic mesh merging
[2020.03.20-12.43.56:187][  0]LogMeshReduction: No distributed automatic mesh merging module available
[2020.03.20-12.43.56:187][  0]LogMeshMerging: No distributed automatic mesh merging module available
[2020.03.20-12.43.56:323][  0]LogNetVersion: Relativity 1.0.0, NetCL: 5660361, EngineNetVer: 10, GameNetVer: 0 (Checksum: 3738703332)
[2020.03.20-12.43.56:958][  0]LogPackageLocalizationCache: Processed 6 localized package path(s) for 1 prioritized culture(s) in 0.100772 seconds
[2020.03.20-12.43.56:967][  0]LogUObjectArray: 40948 objects as part of root set at end of initial load.
[2020.03.20-12.43.56:967][  0]LogUObjectAllocator: 7093448 out of 0 bytes used by permanent object pool.
[2020.03.20-12.43.56:967][  0]LogUObjectArray: CloseDisregardForGC: 0/0 objects in disregard for GC pool
[2020.03.20-12.44.00:143][  0]SourceControl: Source control is disabled
[2020.03.20-12.44.00:143][  0]SourceControl: Source control is disabled
[2020.03.20-12.44.00:149][  0]SourceControl: Source control is disabled
[2020.03.20-12.44.01:059][  0]LogEngine: Initializing Engine...
[2020.03.20-12.44.01:060][  0]LogStats: UGameplayTagsManager::InitializeManager -  0.000 s
[2020.03.20-12.44.01:347][  0]LogInit: Initializing FReadOnlyCVARCache
[2020.03.20-12.44.01:393][  0]LogAIModule: Creating AISystem for world Untitled
[2020.03.20-12.44.01:508][  0]LogInit: XAudio2 using 'Speakers (High Definition Audio Device)' : 2 channels at 48 kHz using 16 bits per sample (channel mask 0x3)
[2020.03.20-12.44.01:553][  0]LogInit: FAudioDevice initialized.
[2020.03.20-12.44.01:553][  0]LogNetVersion: Set ProjectVersion to 1.0.0.0. Version Checksum will be recalculated on next use.
[2020.03.20-12.44.01:670][  0]LogDerivedDataCache: Saved boot cache 0.12s 71MB C:/Users/1606002/AppData/Local/UnrealEngine/4.22/DerivedDataCache/Boot.ddc.
[2020.03.20-12.44.01:682][  0]LogInit: Texture streaming: Enabled
[2020.03.20-12.44.01:816][  0]LogEngineSessionManager: EngineSessionManager initialized
[2020.03.20-12.44.01:876][  0]LogInit: Transaction tracking system initialized
[2020.03.20-12.44.01:996][  0]BlueprintLog: New page: Editor Load
[2020.03.20-12.44.02:489][  0]LocalizationService: Localization service is disabled
[2020.03.20-12.44.02:622][  0]LogModuleManager: Warning: ModuleManager: Unable to load module 'TcpMessaging'  - 0 instances of that module name found.
[2020.03.20-12.44.02:680][  0]LogModuleManager: Warning: ModuleManager: Unable to load module 'TcpMessaging'  - 0 instances of that module name found.
[2020.03.20-12.44.03:202][  0]LogCook: Display: Max memory allowance for cook 16384mb min free memory 0mb
[2020.03.20-12.44.03:202][  0]LogCook: Display: Mobile HDR setting 1
[2020.03.20-12.44.03:415][  0]LogFileCache: Scanning file cache for directory 'D:/1606002/Documents/Relativity/RelativityGame/Content/' took 0.17s
[2020.03.20-12.44.04:001][  0]SourceControl: Source control is disabled
[2020.03.20-12.44.04:001][  0]Cmd: MAP LOAD FILE="../../../../../../Documents/Relativity/RelativityGame/Content/Levels/RelativityLevel.umap" TEMPLATE=0 SHOWPROGRESS=1 FEATURELEVEL=3
[2020.03.20-12.44.04:002][  0]LogEditorServer: Warning: Can't find file '../../../../../../Documents/Relativity/RelativityGame/Content/Levels/RelativityLevel.umap'
[2020.03.20-12.44.04:002][  0]Cmd: MAP CHECKDEP NOCLEARLOG
[2020.03.20-12.44.04:002][  0]MapCheck: Map check complete: 0 Error(s), 0 Warning(s), took 0.119ms to complete.
[2020.03.20-12.44.04:002][  0]LogFileHelpers: Loading map 'RelativityLevel' took 0.000
[2020.03.20-12.44.04:348][  0]LogSlate: Updating window title bar state: overlay mode, drag disabled, window buttons hidden, title bar hidden
[2020.03.20-12.44.04:358][  0]LogSlate: Updating window title bar state: overlay mode, drag disabled, window buttons hidden, title bar hidden
[2020.03.20-12.44.04:368][  0]LogSlate: Updating window title bar state: overlay mode, drag disabled, window buttons hidden, title bar hidden
[2020.03.20-12.44.04:378][  0]LogSlate: Updating window title bar state: overlay mode, drag disabled, window buttons hidden, title bar hidden
[2020.03.20-12.44.04:431][  0]LogCollectionManager: Loaded 0 collections in 0.013566 seconds
[2020.03.20-12.44.04:562][  0]LogFileCache: Scanning file cache for directory 'D:/1606002/Documents/Relativity/RelativityGame/Saved/Collections/' took 0.01s
[2020.03.20-12.44.04:562][  0]LogFileCache: Scanning file cache for directory 'D:/1606002/Documents/Relativity/RelativityGame/Content/Developers/1606002/Collections/' took 0.00s
[2020.03.20-12.44.04:562][  0]LogFileCache: Scanning file cache for directory 'D:/1606002/Documents/Relativity/RelativityGame/Content/Collections/' took 0.00s
[2020.03.20-12.44.04:562][  0]LogCollectionManager: Rebuilt the GUID cache for 0 collections in 0.000001 seconds
[2020.03.20-12.44.04:578][  0]LogContentBrowser: Native class hierarchy populated in 0.0162 seconds. Added 2600 classes and 582 folders.
[2020.03.20-12.44.04:633][  0]LogContentBrowser: Native class hierarchy updated for 'WidgetCarousel' in 0.0022 seconds. Added 0 classes and 0 folders.
[2020.03.20-12.44.04:686][  0]LogPakFile: Registered encryption key '00000000000000000000000000000000': 0 pak files mounted, 0 remain pending
[2020.03.20-12.44.04:733][  0]LogPakFile: Registered encryption key '00000000000000000000000000000000': 0 pak files mounted, 0 remain pending
[2020.03.20-12.44.04:757][  0]LogPakFile: Registered encryption key '00000000000000000000000000000000': 0 pak files mounted, 0 remain pending
[2020.03.20-12.44.04:806][  0]LogPakFile: Registered encryption key '00000000000000000000000000000000': 0 pak files mounted, 0 remain pending
[2020.03.20-12.44.04:813][  0]LogPakFile: Registered encryption key '00000000000000000000000000000000': 0 pak files mounted, 0 remain pending
[2020.03.20-12.44.04:820][  0]LogPakFile: Registered encryption key '00000000000000000000000000000000': 0 pak files mounted, 0 remain pending
[2020.03.20-12.44.04:828][  0]LogPakFile: Registered encryption key '00000000000000000000000000000000': 0 pak files mounted, 0 remain pending
[2020.03.20-12.44.04:835][  0]LogPakFile: Registered encryption key '00000000000000000000000000000000': 0 pak files mounted, 0 remain pending
[2020.03.20-12.44.04:852][  0]LogPakFile: Registered encryption key '00000000000000000000000000000000': 0 pak files mounted, 0 remain pending
[2020.03.20-12.44.04:861][  0]LogPakFile: Registered encryption key '00000000000000000000000000000000': 0 pak files mounted, 0 remain pending
[2020.03.20-12.44.04:869][  0]LogPakFile: Registered encryption key '00000000000000000000000000000000': 0 pak files mounted, 0 remain pending
[2020.03.20-12.44.04:876][  0]LogPakFile: Registered encryption key '00000000000000000000000000000000': 0 pak files mounted, 0 remain pending
[2020.03.20-12.44.04:890][  0]LogPakFile: Registered encryption key '00000000000000000000000000000000': 0 pak files mounted, 0 remain pending
[2020.03.20-12.44.04:899][  0]LogPakFile: Registered encryption key '00000000000000000000000000000000': 0 pak files mounted, 0 remain pending
[2020.03.20-12.44.04:905][  0]LogPakFile: Registered encryption key '00000000000000000000000000000000': 0 pak files mounted, 0 remain pending
[2020.03.20-12.44.04:913][  0]LogPakFile: Registered encryption key '00000000000000000000000000000000': 0 pak files mounted, 0 remain pending
[2020.03.20-12.44.04:949][  0]LogPakFile: Registered encryption key '00000000000000000000000000000000': 0 pak files mounted, 0 remain pending
[2020.03.20-12.44.04:957][  0]LogPakFile: Registered encryption key '00000000000000000000000000000000': 0 pak files mounted, 0 remain pending
[2020.03.20-12.44.04:970][  0]LogPakFile: Registered encryption key '00000000000000000000000000000000': 0 pak files mounted, 0 remain pending
[2020.03.20-12.44.04:978][  0]LogPakFile: Registered encryption key '00000000000000000000000000000000': 0 pak files mounted, 0 remain pending
[2020.03.20-12.44.04:986][  0]LogPakFile: Registered encryption key '00000000000000000000000000000000': 0 pak files mounted, 0 remain pending
[2020.03.20-12.44.05:030][  0]LogPakFile: Registered encryption key '00000000000000000000000000000000': 0 pak files mounted, 0 remain pending
[2020.03.20-12.44.05:037][  0]LogPakFile: Registered encryption key '00000000000000000000000000000000': 0 pak files mounted, 0 remain pending
[2020.03.20-12.44.05:045][  0]LogPakFile: Registered encryption key '00000000000000000000000000000000': 0 pak files mounted, 0 remain pending
[2020.03.20-12.44.05:065][  0]LogPakFile: Registered encryption key '00000000000000000000000000000000': 0 pak files mounted, 0 remain pending
[2020.03.20-12.44.05:074][  0]LogPakFile: Registered encryption key '00000000000000000000000000000000': 0 pak files mounted, 0 remain pending
[2020.03.20-12.44.05:938][  0]LogContentBrowser: Native class hierarchy updated for 'AddContentDialog' in 0.0018 seconds. Added 0 classes and 0 folders.
[2020.03.20-12.44.05:988][  0]LogContentBrowser: Native class hierarchy updated for 'SceneOutliner' in 0.0024 seconds. Added 1 classes and 2 folders.
[2020.03.20-12.44.06:059][  0]LogSlate: Took 0.000389 seconds to synchronously load lazily loaded font '../../../Engine/Content/Slate/Fonts/Roboto-Regular.ttf' (155K)
[2020.03.20-12.44.06:062][  0]LogSlate: Took 0.000370 seconds to synchronously load lazily loaded font '../../../Engine/Content/Slate/Fonts/Roboto-Bold.ttf' (160K)
[2020.03.20-12.44.06:097][  0]LogSlate: Took 0.015889 seconds to synchronously load lazily loaded font '../../../Engine/Content/Editor/Slate/Fonts/FontAwesome.ttf' (139K)
[2020.03.20-12.44.06:400][  0]LogRenderer: Reallocating scene render targets to support 1052x580 Format 10 NumSamples 1 (Frame:1).
[2020.03.20-12.44.06:577][  0]LogContentBrowser: Native class hierarchy updated for 'HierarchicalLODOutliner' in 0.0019 seconds. Added 0 classes and 0 folders.
[2020.03.20-12.44.06:577][  0]LogLoad: (Engine Initialization) Total time: 26.54 seconds
[2020.03.20-12.44.06:577][  0]LogLoad: (Engine Initialization) Total Blueprint compile time: 0.00 seconds
[2020.03.20-12.44.06:618][  0]LogAssetRegistry: Asset discovery search completed in 11.3659 seconds
[2020.03.20-12.44.06:620][  0]LogCollectionManager: Rebuilt the object cache for 0 collections in 0.000000 seconds (found 0 objects)
[2020.03.20-12.44.06:620][  0]LogCollectionManager: Fixed up redirectors for 0 collections in 0.000039 seconds (updated 0 objects)
[2020.03.20-12.44.06:636][  0]LogContentStreaming: Texture pool size now 1000 MB
[2020.03.20-12.44.06:726][  0]LogSlate: Took 0.025375 seconds to synchronously load lazily loaded font '../../../Engine/Content/Slate/Fonts/Roboto-Light.ttf' (167K)
[2020.03.20-12.44.07:615][ 82]LogSlate: Took 0.000416 seconds to synchronously load lazily loaded font '../../../Engine/Content/Slate/Fonts/Roboto-Light.ttf' (167K)
[2020.03.20-12.44.27:348][711]LogSlate: FSceneViewport::OnFocusLost() reason 2
[2020.03.20-12.44.44:550][861]LogSlate: Only BGRA pngs, bmps or icos are supported in by External Image Picker
[2020.03.20-12.46.11:045][968]LogSlate: Window 'Project Settings' being destroyed
[2020.03.20-12.46.11:051][968]LogSlate: Window 'Project Settings' being destroyed
[2020.03.20-12.46.20:336][ 58]LogUObjectHash: Compacting FUObjectHashTables data took   2.80ms
[2020.03.20-12.46.22:542][318]LogUObjectHash: Compacting FUObjectHashTables data took   0.61ms
[2020.03.20-12.46.22:673][318]LogSlate: Window 'Relativity - Unreal Editor' being destroyed
[2020.03.20-12.46.22:673][318]LogWindowsTextInputMethodSystem: Display: IME system now deactivated.
[2020.03.20-12.46.22:674][318]LogWindowsTextInputMethodSystem: Display: IME system now deactivated.
[2020.03.20-12.46.22:891][319]Cmd: QUIT_EDITOR
[2020.03.20-12.46.22:932][319]LogSlate: Slate User Destroyed.  User Index 0, Is Virtual User: 0
[2020.03.20-12.46.22:933][319]LogExit: Preparing to exit.
[2020.03.20-12.46.22:959][319]LogExit: Editor shut down
[2020.03.20-12.46.22:959][319]LogExit: Transaction tracking system shut down
[2020.03.20-12.46.23:270][319]LogExit: Object subsystem successfully closed.
[2020.03.20-12.46.23:295][319]LogShaderCompilers: Display: Shaders left to compile 0
[2020.03.20-12.46.23:298][319]LogD3D11RHI: Shutdown
[2020.03.20-12.46.23:298][319]LogD3D11RHI: CleanupD3DDevice
[2020.03.20-12.46.23:298][319]LogRendererCore: FGlobalReadBuffer::ReleaseRHI
[2020.03.20-12.46.23:298][319]LogRendererCore: FGlobalDynamicReadBuffer::Cleanup()
[2020.03.20-12.46.23:299][319]LogRendererCore: FGlobalReadBuffer::ReleaseRHI
[2020.03.20-12.46.23:299][319]LogRendererCore: FGlobalDynamicReadBuffer::Cleanup()
[2020.03.20-12.46.23:299][319]LogRendererCore: FGlobalReadBuffer::ReleaseRHI
[2020.03.20-12.46.23:299][319]LogRendererCore: FGlobalDynamicReadBuffer::Cleanup()
[2020.03.20-12.46.23:366][319]LogD3D11RHI: ~FD3D11DynamicRHI
[2020.03.20-12.46.23:382][319]LogModuleManager: Shutting down and abandoning module ExternalImagePicker (571)
[2020.03.20-12.46.23:382][319]LogModuleManager: Shutting down and abandoning module HierarchicalLODOutliner (569)
[2020.03.20-12.46.23:382][319]LogModuleManager: Shutting down and abandoning module SceneOutliner (567)
[2020.03.20-12.46.23:382][319]LogModuleManager: Shutting down and abandoning module AddContentDialog (565)
[2020.03.20-12.46.23:382][319]LogModuleManager: Shutting down and abandoning module WidgetCarousel (564)
[2020.03.20-12.46.23:382][319]LogModuleManager: Shutting down and abandoning module EditorWidgets (561)
[2020.03.20-12.46.23:382][319]LogModuleManager: Shutting down and abandoning module CollectionManager (559)
[2020.03.20-12.46.23:382][319]LogModuleManager: Shutting down and abandoning module FoliageEdit (557)
[2020.03.20-12.46.23:382][319]LogModuleManager: Shutting down and abandoning module LandscapeEditor (555)
[2020.03.20-12.46.23:383][319]LogModuleManager: Shutting down and abandoning module MeshPaintMode (553)
[2020.03.20-12.46.23:383][319]LogModuleManager: Shutting down and abandoning module MeshPaint (552)
[2020.03.20-12.46.23:383][319]LogModuleManager: Shutting down and abandoning module SceneDepthPickerMode (549)
[2020.03.20-12.46.23:383][319]LogModuleManager: Shutting down and abandoning module ActorPickerMode (547)
[2020.03.20-12.46.23:383][319]LogModuleManager: Shutting down and abandoning module GeometryMode (545)
[2020.03.20-12.46.23:383][319]LogModuleManager: Shutting down and abandoning module TextureAlignMode (543)
[2020.03.20-12.46.23:383][319]LogModuleManager: Shutting down and abandoning module BspMode (541)
[2020.03.20-12.46.23:383][319]LogModuleManager: Shutting down and abandoning module PIEPreviewDeviceProfileSelector (539)
[2020.03.20-12.46.23:383][319]LogModuleManager: Shutting down and abandoning module SequenceRecorderSections (537)
[2020.03.20-12.46.23:383][319]LogModuleManager: Shutting down and abandoning module AutomationWorker (535)
[2020.03.20-12.46.23:383][319]LogModuleManager: Shutting down and abandoning module MatineeToLevelSequence (533)
[2020.03.20-12.46.23:383][319]LogModuleManager: Shutting down and abandoning module LevelSequenceEditor (531)
[2020.03.20-12.46.23:383][319]LogModuleManager: Shutting down and abandoning module PlacementMode (530)
[2020.03.20-12.46.23:383][319]LogModuleManager: Shutting down and abandoning module MaterialEditor (529)
[2020.03.20-12.46.23:383][319]LogModuleManager: Shutting down and abandoning module ActorSequenceEditor (525)
[2020.03.20-12.46.23:383][319]LogModuleManager: Shutting down and abandoning module WmfMediaFactory (523)
[2020.03.20-12.46.23:383][319]LogModuleManager: Shutting down and abandoning module WmfMediaEditor (521)
[2020.03.20-12.46.23:383][319]LogModuleManager: Shutting down and abandoning module WebMMediaFactory (519)
[2020.03.20-12.46.23:383][319]LogModuleManager: Shutting down and abandoning module WebMMediaEditor (517)
[2020.03.20-12.46.23:383][319]LogModuleManager: Shutting down and abandoning module WebMMedia (515)
[2020.03.20-12.46.23:383][319]LogModuleManager: Shutting down and abandoning module MediaPlayerEditor (513)
[2020.03.20-12.46.23:383][319]LogModuleManager: Shutting down and abandoning module MediaCompositingEditor (511)
[2020.03.20-12.46.23:383][319]LogModuleManager: Shutting down and abandoning module SequenceRecorder (510)
[2020.03.20-12.46.23:383][319]LogModuleManager: Shutting down and abandoning module OpenExrWrapper (507)
[2020.03.20-12.46.23:383][319]LogModuleManager: Shutting down and abandoning module ImgMediaFactory (505)
[2020.03.20-12.46.23:383][319]LogModuleManager: Shutting down and abandoning module ImgMediaEditor (503)
[2020.03.20-12.46.23:383][319]LogModuleManager: Shutting down and abandoning module AvfMediaFactory (501)
[2020.03.20-12.46.23:383][319]LogModuleManager: Shutting down and abandoning module AvfMediaEditor (499)
[2020.03.20-12.46.23:383][319]LogModuleManager: Shutting down and abandoning module AndroidMediaFactory (497)
[2020.03.20-12.46.23:383][319]LogModuleManager: Shutting down and abandoning module AndroidMediaEditor (495)
[2020.03.20-12.46.23:383][319]LogModuleManager: Shutting down and abandoning module CharacterAI (493)
[2020.03.20-12.46.23:384][319]LogModuleManager: Shutting down and abandoning module SessionServices (491)
[2020.03.20-12.46.23:384][319]LogModuleManager: Shutting down and abandoning module ViewportSnapping (489)
[2020.03.20-12.46.23:384][319]LogModuleManager: Shutting down and abandoning module ViewportInteraction (487)
[2020.03.20-12.46.23:384][319]LogModuleManager: Shutting down and abandoning module ClothPainter (485)
[2020.03.20-12.46.23:384][319]LogModuleManager: Shutting down and abandoning module SkeletalMeshEditor (484)
[2020.03.20-12.46.23:384][319]LogModuleManager: Shutting down and abandoning module LogVisualizer (481)
[2020.03.20-12.46.23:384][319]LogModuleManager: Shutting down and abandoning module IntroTutorials (479)
[2020.03.20-12.46.23:384][319]LogModuleManager: Shutting down and abandoning module GameProjectGeneration (478)
[2020.03.20-12.46.23:384][319]LogModuleManager: Shutting down and abandoning module LuminPlatformEditor (475)
[2020.03.20-12.46.23:384][319]LogModuleManager: Shutting down and abandoning module IOSPlatformEditor (473)
[2020.03.20-12.46.23:384][319]LogModuleManager: Shutting down and abandoning module HTML5PlatformEditor (471)
[2020.03.20-12.46.23:384][319]LogModuleManager: Shutting down and abandoning module AndroidPlatformEditor (469)
[2020.03.20-12.46.23:384][319]LogModuleManager: Shutting down and abandoning module AndroidDeviceDetection (467)
[2020.03.20-12.46.23:764][319]LogModuleManager: Shutting down and abandoning module WindowsPlatformEditor (464)
[2020.03.20-12.46.23:764][319]LogModuleManager: Shutting down and abandoning module LuminRuntimeSettings (462)
[2020.03.20-12.46.23:764][319]LogModuleManager: Shutting down and abandoning module IOSRuntimeSettings (460)
[2020.03.20-12.46.23:764][319]LogModuleManager: Shutting down and abandoning module AndroidRuntimeSettings (458)
[2020.03.20-12.46.23:764][319]LogModuleManager: Shutting down and abandoning module TimeManagementEditor (456)
[2020.03.20-12.46.23:764][319]LogModuleManager: Shutting down and abandoning module InputBindingEditor (454)
[2020.03.20-12.46.23:764][319]LogModuleManager: Shutting down and abandoning module MergeActors (452)
[2020.03.20-12.46.23:764][319]LogModuleManager: Shutting down and abandoning module LocalizationDashboard (450)
[2020.03.20-12.46.23:764][319]LogModuleManager: Shutting down and abandoning module LocalizationService (449)
[2020.03.20-12.46.23:765][319]LogModuleManager: Shutting down and abandoning module HardwareTargeting (446)
[2020.03.20-12.46.23:765][319]LogModuleManager: Shutting down and abandoning module DeviceProfileEditor (444)
[2020.03.20-12.46.23:765][319]LogModuleManager: Shutting down and abandoning module UndoHistory (442)
[2020.03.20-12.46.23:765][319]LogModuleManager: Shutting down and abandoning module XmlParser (440)
[2020.03.20-12.46.23:765][319]LogModuleManager: Shutting down and abandoning module Blutility (438)
[2020.03.20-12.46.23:765][319]LogModuleManager: Shutting down and abandoning module ProjectSettingsViewer (436)
[2020.03.20-12.46.23:765][319]LogModuleManager: Shutting down and abandoning module ProjectTargetPlatformEditor (435)
[2020.03.20-12.46.23:765][319]LogModuleManager: Shutting down and abandoning module EditorSettingsViewer (432)
[2020.03.20-12.46.23:765][319]LogModuleManager: Shutting down and abandoning module SettingsEditor (430)
[2020.03.20-12.46.23:765][319]LogModuleManager: Shutting down and abandoning module ProjectLauncher (428)
[2020.03.20-12.46.23:765][319]LogModuleManager: Shutting down and abandoning module SessionFrontend (426)
[2020.03.20-12.46.23:765][319]LogModuleManager: Shutting down and abandoning module ProfilerClient (424)
[2020.03.20-12.46.23:765][319]LogModuleManager: Shutting down and abandoning module DeviceManager (422)
[2020.03.20-12.46.23:765][319]LogModuleManager: Shutting down and abandoning module TargetDeviceServices (421)
[2020.03.20-12.46.23:809][319]LogModuleManager: Shutting down and abandoning module AutomationController (418)
[2020.03.20-12.46.23:809][319]LogModuleManager: Shutting down and abandoning module AutomationWindow (416)
[2020.03.20-12.46.23:809][319]LogModuleManager: Shutting down and abandoning module Layers (414)
[2020.03.20-12.46.23:809][319]LogModuleManager: Shutting down and abandoning module ComponentVisualizers (412)
[2020.03.20-12.46.23:809][319]LogModuleManager: Shutting down and abandoning module DetailCustomizations (410)
[2020.03.20-12.46.23:809][319]LogModuleManager: Shutting down and abandoning module PackagesDialog (408)
[2020.03.20-12.46.23:809][319]LogModuleManager: Shutting down and abandoning module AnimationBlueprintEditor (406)
[2020.03.20-12.46.23:809][319]LogModuleManager: Shutting down and abandoning module Persona (404)
[2020.03.20-12.46.23:809][319]LogModuleManager: Shutting down and abandoning module AdvancedPreviewScene (403)
[2020.03.20-12.46.23:809][319]LogModuleManager: Shutting down and abandoning module AnimGraph (401)
[2020.03.20-12.46.23:809][319]LogModuleManager: Shutting down and abandoning module Kismet (398)
[2020.03.20-12.46.23:809][319]LogModuleManager: Shutting down and abandoning module GraphEditor (396)
[2020.03.20-12.46.23:809][319]LogModuleManager: Shutting down and abandoning module ClassViewer (394)
[2020.03.20-12.46.23:809][319]LogModuleManager: Shutting down and abandoning module Toolbox (392)
[2020.03.20-12.46.23:809][319]LogModuleManager: Shutting down and abandoning module DesktopPlatform (391)
[2020.03.20-12.46.23:809][319]LogModuleManager: Shutting down and abandoning module ModuleUI (388)
[2020.03.20-12.46.23:809][319]LogModuleManager: Shutting down and abandoning module MovieSceneTools (386)
[2020.03.20-12.46.23:809][319]LogModuleManager: Shutting down and abandoning module OutputLog (384)
[2020.03.20-12.46.23:810][319]LogModuleManager: Shutting down and abandoning module GammaUI (382)
[2020.03.20-12.46.23:810][319]LogModuleManager: Shutting down and abandoning module Documentation (380)
[2020.03.20-12.46.23:810][319]LogModuleManager: Shutting down and abandoning module LiveCoding (378)
[2020.03.20-12.46.23:810][319]LogModuleManager: Shutting down and abandoning module LevelSequence (376)
[2020.03.20-12.46.23:810][319]LogModuleManager: Shutting down and abandoning module MovieSceneTracks (374)
[2020.03.20-12.46.23:810][319]LogModuleManager: Shutting down and abandoning module MovieScene (372)
[2020.03.20-12.46.23:810][319]LogModuleManager: Shutting down and abandoning module StreamingPauseRendering (370)
[2020.03.20-12.46.23:810][319]LogModuleManager: Shutting down and abandoning module LauncherPlatform (368)
[2020.03.20-12.46.23:810][319]LogModuleManager: Shutting down and abandoning module AnalyticsET (366)
[2020.03.20-12.46.23:810][319]LogModuleManager: Shutting down and abandoning module PortalServices (364)
[2020.03.20-12.46.23:810][319]LogModuleManager: Shutting down and abandoning module PortalRpc (362)
[2020.03.20-12.46.23:810][319]LogModuleManager: Shutting down and abandoning module MessagingRpc (360)
[2020.03.20-12.46.23:810][319]LogModuleManager: Shutting down and abandoning module AIModule (358)
[2020.03.20-12.46.23:810][319]LogModuleManager: Shutting down and abandoning module GameplayDebugger (357)
[2020.03.20-12.46.23:810][319]LogModuleManager: Shutting down and abandoning module AITestSuite (355)
[2020.03.20-12.46.23:810][319]LogModuleManager: Shutting down and abandoning module NavigationSystem (353)
[2020.03.20-12.46.23:810][319]LogModuleManager: Shutting down and abandoning module ImageWriteQueue (350)
[2020.03.20-12.46.23:812][319]LogModuleManager: Shutting down and abandoning module ProfilerService (348)
[2020.03.20-12.46.23:986][319]LogModuleManager: Shutting down and abandoning module TaskGraph (346)
[2020.03.20-12.46.23:986][319]LogModuleManager: Shutting down and abandoning module DirGravity (344)
[2020.03.20-12.46.23:986][319]LogModuleManager: Shutting down and abandoning module ProceduralMeshComponentEditor (342)
[2020.03.20-12.46.23:986][319]LogModuleManager: Shutting down and abandoning module ProceduralMeshComponent (340)
[2020.03.20-12.46.23:986][319]LogModuleManager: Shutting down and abandoning module EditableMesh (338)
[2020.03.20-12.46.23:986][319]LogModuleManager: Shutting down and abandoning module CustomMeshComponent (336)
[2020.03.20-12.46.23:987][319]LogModuleManager: Shutting down and abandoning module CableComponent (334)
[2020.03.20-12.46.23:987][319]LogModuleManager: Shutting down and abandoning module ArchVisCharacter (332)
[2020.03.20-12.46.23:987][319]LogModuleManager: Shutting down and abandoning module NUTUnrealEngine4 (330)
[2020.03.20-12.46.23:987][319]LogModuleManager: Shutting down and abandoning module NetcodeUnitTest (328)
[2020.03.20-12.46.23:987][319]LogModuleManager: Shutting down and abandoning module MediaCompositing (326)
[2020.03.20-12.46.23:987][319]LogModuleManager: Shutting down and abandoning module LinearTimecode (324)
[2020.03.20-12.46.23:987][319]LogModuleManager: Shutting down and abandoning module ImgMedia (322)
[2020.03.20-12.46.23:987][319]LogModuleManager: Shutting down and abandoning module HTML5Networking (320)
[2020.03.20-12.46.23:987][319]LogModuleManager: Shutting down and abandoning module GeometryCacheTracks (318)
[2020.03.20-12.46.23:987][319]LogModuleManager: Shutting down and abandoning module GeometryCacheSequencer (316)
[2020.03.20-12.46.23:987][319]LogModuleManager: Shutting down and abandoning module BackChannel (314)
[2020.03.20-12.46.23:987][319]LogModuleManager: Shutting down and abandoning module AppleVision (312)
[2020.03.20-12.46.23:987][319]LogModuleManager: Shutting down and abandoning module AppleImageUtilsBlueprintSupport (310)
[2020.03.20-12.46.23:987][319]LogModuleManager: Shutting down and abandoning module AppleImageUtils (308)
[2020.03.20-12.46.23:987][319]LogModuleManager: Shutting down and abandoning module AlembicImporter (306)
[2020.03.20-12.46.23:987][319]LogModuleManager: Shutting down and abandoning module AlembicLibrary (305)
[2020.03.20-12.46.23:987][319]LogModuleManager: Shutting down and abandoning module GeometryCache (304)
[2020.03.20-12.46.23:987][319]LogModuleManager: Shutting down and abandoning module GeometryCacheEd (303)
[2020.03.20-12.46.23:987][319]LogModuleManager: Shutting down and abandoning module VariantManagerContent (298)
[2020.03.20-12.46.23:987][319]LogModuleManager: Shutting down and abandoning module SpeedTreeImporter (296)
[2020.03.20-12.46.23:987][319]LogModuleManager: Shutting down and abandoning module PluginBrowser (294)
[2020.03.20-12.46.23:987][319]LogModuleManager: Shutting down and abandoning module MobileLauncherProfileWizard (292)
[2020.03.20-12.46.23:987][319]LogModuleManager: Shutting down and abandoning module MaterialAnalyzer (290)
[2020.03.20-12.46.23:987][319]LogModuleManager: Shutting down and abandoning module CryptoKeysOpenSSL (288)
[2020.03.20-12.46.23:987][319]LogModuleManager: Shutting down and abandoning module CryptoKeys (286)
[2020.03.20-12.46.23:987][319]LogModuleManager: Shutting down and abandoning module VisualStudioSourceCodeAccess (284)
[2020.03.20-12.46.23:987][319]LogModuleManager: Shutting down and abandoning module VisualStudioCodeSourceCodeAccess (282)
[2020.03.20-12.46.23:987][319]LogModuleManager: Shutting down and abandoning module UObjectPlugin (280)
[2020.03.20-12.46.23:988][319]LogModuleManager: Shutting down and abandoning module SubversionSourceControl (278)
[2020.03.20-12.46.23:988][319]LogModuleManager: Shutting down and abandoning module PerforceSourceControl (276)
[2020.03.20-12.46.23:988][319]LogModuleManager: Shutting down and abandoning module SourceControl (275)
[2020.03.20-12.46.23:988][319]LogModuleManager: Shutting down and abandoning module AnimationSharingEd (272)
[2020.03.20-12.46.23:988][319]LogModuleManager: Shutting down and abandoning module ActorLayerUtilitiesEditor (270)
[2020.03.20-12.46.23:988][319]LogModuleManager: Shutting down and abandoning module ActorLayerUtilities (268)
[2020.03.20-12.46.23:988][319]LogModuleManager: Shutting down and abandoning module LightPropagationVolumeEditor (266)
[2020.03.20-12.46.23:988][319]LogModuleManager: Shutting down and abandoning module DirectionalGravity (264)
[2020.03.20-12.46.23:988][319]LogModuleManager: Shutting down and abandoning module SignificanceManager (262)
[2020.03.20-12.46.23:988][319]LogModuleManager: Shutting down and abandoning module RuntimePhysXCooking (260)
[2020.03.20-12.46.23:988][319]LogModuleManager: Shutting down and abandoning module PhysXVehiclesEditor (258)
[2020.03.20-12.46.23:988][319]LogModuleManager: Shutting down and abandoning module PhysXVehicles (256)
[2020.03.20-12.46.23:988][319]LogModuleManager: Shutting down and abandoning module ActorSequence (254)
[2020.03.20-12.46.23:988][319]LogModuleManager: Shutting down and abandoning module GameplayTagsEditor (252)
[2020.03.20-12.46.23:988][319]LogModuleManager: Shutting down and abandoning module FacialAnimationEditor (250)
[2020.03.20-12.46.23:988][319]LogModuleManager: Shutting down and abandoning module FacialAnimation (248)
[2020.03.20-12.46.23:988][319]LogModuleManager: Shutting down and abandoning module DataValidation (246)
[2020.03.20-12.46.23:988][319]LogModuleManager: Shutting down and abandoning module AssetManagerEditor (244)
[2020.03.20-12.46.23:988][319]LogModuleManager: Shutting down and abandoning module LevelEditor (243)
[2020.03.20-12.46.23:989][319]LogModuleManager: Shutting down and abandoning module PixelInspectorModule (242)
[2020.03.20-12.46.23:989][319]LogModuleManager: Shutting down and abandoning module CommonMenuExtensions (240)
[2020.03.20-12.46.23:989][319]LogModuleManager: Shutting down and abandoning module MainFrame (238)
[2020.03.20-12.46.23:989][319]LogModuleManager: Shutting down and abandoning module HotReload (237)
[2020.03.20-12.46.23:990][319]LogModuleManager: Shutting down and abandoning module ContentBrowser (233)
[2020.03.20-12.46.23:991][319]LogModuleManager: Shutting down and abandoning module TreeMap (231)
[2020.03.20-12.46.23:991][319]LogModuleManager: Shutting down and abandoning module AnimationSharing (228)
[2020.03.20-12.46.23:991][319]LogModuleManager: Shutting down and abandoning module LightPropagationVolumeRuntime (226)
[2020.03.20-12.46.23:991][319]LogModuleManager: Shutting down and abandoning module AISupportModule (224)
[2020.03.20-12.46.23:991][319]LogModuleManager: Shutting down and abandoning module WebMMoviePlayer (222)
[2020.03.20-12.46.23:991][319]LogModuleManager: Shutting down and abandoning module PacketHandler (220)
[2020.03.20-12.46.23:991][319]LogModuleManager: Shutting down and abandoning module ClothingSystemEditor (218)
[2020.03.20-12.46.23:991][319]LogModuleManager: Shutting down and abandoning module ClothingSystemRuntime (216)
[2020.03.20-12.46.23:991][319]LogModuleManager: Shutting down and abandoning module MediaAssets (214)
[2020.03.20-12.46.23:991][319]LogModuleManager: Shutting down and abandoning module Overlay (212)
[2020.03.20-12.46.23:991][319]LogModuleManager: Shutting down and abandoning module OverlayEditor (211)
[2020.03.20-12.46.23:991][319]LogModuleManager: Shutting down and abandoning module VREditor (208)
[2020.03.20-12.46.23:991][319]LogModuleManager: Shutting down and abandoning module StringTableEditor (206)
[2020.03.20-12.46.23:991][319]LogModuleManager: Shutting down and abandoning module GameplayTasksEditor (204)
[2020.03.20-12.46.23:991][319]LogModuleManager: Shutting down and abandoning module BehaviorTreeEditor (202)
[2020.03.20-12.46.23:991][319]LogModuleManager: Shutting down and abandoning module FunctionalTesting (200)
[2020.03.20-12.46.23:991][319]LogModuleManager: Shutting down and abandoning module CollisionAnalyzer (198)
[2020.03.20-12.46.23:991][319]LogModuleManager: Shutting down and abandoning module WorkspaceMenuStructure (197)
[2020.03.20-12.46.23:991][319]LogModuleManager: Shutting down and abandoning module UMG (194)
[2020.03.20-12.46.23:991][319]LogModuleManager: Shutting down and abandoning module UMGEditor (193)
[2020.03.20-12.46.23:991][319]LogModuleManager: Shutting down and abandoning module Sequencer (192)
[2020.03.20-12.46.23:991][319]LogModuleManager: Shutting down and abandoning module MessageLog (189)
[2020.03.20-12.46.23:991][319]LogModuleManager: Shutting down and abandoning module SlateReflector (184)
[2020.03.20-12.46.23:991][319]LogModuleManager: Shutting down and abandoning module Slate (182)
[2020.03.20-12.46.23:991][319]LogModuleManager: Shutting down and abandoning module EditorStyle (180)
[2020.03.20-12.46.23:993][319]LogModuleManager: Shutting down and abandoning module UnrealEd (178)
[2020.03.20-12.46.23:993][319]LogModuleManager: Shutting down and abandoning module MRMesh (176)
[2020.03.20-12.46.23:993][319]LogModuleManager: Shutting down and abandoning module SourceCodeAccess (174)
[2020.03.20-12.46.23:993][319]LogModuleManager: Shutting down and abandoning module HeadMountedDisplay (172)
[2020.03.20-12.46.23:993][319]LogModuleManager: Shutting down and abandoning module XAudio2 (170)
[2020.03.20-12.46.23:993][319]LogModuleManager: Shutting down and abandoning module Networking (168)
[2020.03.20-12.46.23:993][319]LogModuleManager: Shutting down and abandoning module Core (166)
[2020.03.20-12.46.23:993][319]LogModuleManager: Shutting down and abandoning module KismetCompiler (164)
[2020.03.20-12.46.23:993][319]LogModuleManager: Shutting down and abandoning module MeshUtilities (162)
[2020.03.20-12.46.23:993][319]LogModuleManager: Shutting down and abandoning module MeshMergeUtilities (161)
[2020.03.20-12.46.23:993][319]LogModuleManager: Shutting down and abandoning module MeshReductionInterface (160)
[2020.03.20-12.46.23:993][319]LogModuleManager: Shutting down and abandoning module SkeletalMeshReduction (159)
[2020.03.20-12.46.23:993][319]LogModuleManager: Shutting down and abandoning module ProxyLODMeshReduction (157)
[2020.03.20-12.46.23:993][319]LogModuleManager: Shutting down and abandoning module QuadricMeshReduction (155)
[2020.03.20-12.46.23:993][319]LogModuleManager: Shutting down and abandoning module MaterialBaking (151)
[2020.03.20-12.46.23:993][319]LogModuleManager: Shutting down and abandoning module DerivedDataCache (146)
[2020.03.20-12.46.24:060][319]LogDerivedDataCache: Shutdown
[2020.03.20-12.46.24:060][319]LogModuleManager: Shutting down and abandoning module XGEController (144)
[2020.03.20-12.46.24:060][319]LogModuleManager: Shutting down and abandoning module TargetPlatform (142)
[2020.03.20-12.46.24:060][319]LogModuleManager: Shutting down and abandoning module VulkanShaderFormat (141)
[2020.03.20-12.46.24:060][319]LogModuleManager: Shutting down and abandoning module ShaderFormatVectorVM (139)
[2020.03.20-12.46.24:060][319]LogModuleManager: Shutting down and abandoning module ShaderFormatOpenGL (137)
[2020.03.20-12.46.24:060][319]LogModuleManager: Shutting down and abandoning module ShaderFormatD3D (135)
[2020.03.20-12.46.24:060][319]LogModuleManager: Shutting down and abandoning module MetalShaderFormat (133)
[2020.03.20-12.46.24:060][319]LogModuleManager: Shutting down and abandoning module TextureFormatUncompressed (131)
[2020.03.20-12.46.24:061][319]LogModuleManager: Shutting down and abandoning module TextureFormatPVR (129)
[2020.03.20-12.46.24:061][319]LogModuleManager: Shutting down and abandoning module TextureFormatDXT (127)
[2020.03.20-12.46.24:061][319]LogModuleManager: Shutting down and abandoning module TextureFormatIntelISPCTexComp (125)
[2020.03.20-12.46.24:061][319]LogModuleManager: Shutting down and abandoning module TextureFormatASTC (123)
[2020.03.20-12.46.24:061][319]LogModuleManager: Shutting down and abandoning module ImageWrapper (122)
[2020.03.20-12.46.24:061][319]LogModuleManager: Shutting down and abandoning module TextureFormatAndroid (119)
[2020.03.20-12.46.24:061][319]LogModuleManager: Shutting down and abandoning module AudioFormatOpus (117)
[2020.03.20-12.46.24:061][319]LogModuleManager: Shutting down and abandoning module AudioFormatOgg (115)
[2020.03.20-12.46.24:061][319]LogModuleManager: Shutting down and abandoning module AudioFormatADPCM (113)
[2020.03.20-12.46.24:061][319]LogModuleManager: Shutting down and abandoning module LuminTargetPlatform (111)
[2020.03.20-12.46.24:062][319]LogModuleManager: Shutting down and abandoning module LinuxTargetPlatform (109)
[2020.03.20-12.46.24:062][319]LogModuleManager: Shutting down and abandoning module LinuxServerTargetPlatform (107)
[2020.03.20-12.46.24:062][319]LogModuleManager: Shutting down and abandoning module LinuxNoEditorTargetPlatform (105)
[2020.03.20-12.46.24:062][319]LogModuleManager: Shutting down and abandoning module LinuxClientTargetPlatform (103)
[2020.03.20-12.46.24:062][319]LogModuleManager: Shutting down and abandoning module TVOSTargetPlatform (101)
[2020.03.20-12.46.24:062][319]LogModuleManager: Shutting down and abandoning module Messaging (99)
[2020.03.20-12.46.24:062][319]LogModuleManager: Shutting down and abandoning module IOSTargetPlatform (97)
[2020.03.20-12.46.24:063][319]LogModuleManager: Shutting down and abandoning module HTML5TargetPlatform (95)
[2020.03.20-12.46.24:063][319]LogModuleManager: Shutting down and abandoning module AndroidTargetPlatform (93)
[2020.03.20-12.46.24:071][319]LogModuleManager: Shutting down and abandoning module WindowsTargetPlatform (91)
[2020.03.20-12.46.24:071][319]LogModuleManager: Shutting down and abandoning module WindowsServerTargetPlatform (89)
[2020.03.20-12.46.24:071][319]LogModuleManager: Shutting down and abandoning module WindowsNoEditorTargetPlatform (87)
[2020.03.20-12.46.24:071][319]LogModuleManager: Shutting down and abandoning module WindowsClientTargetPlatform (85)
[2020.03.20-12.46.24:071][319]LogModuleManager: Shutting down and abandoning module MacTargetPlatform (83)
[2020.03.20-12.46.24:071][319]LogModuleManager: Shutting down and abandoning module MacServerTargetPlatform (81)
[2020.03.20-12.46.24:071][319]LogModuleManager: Shutting down and abandoning module MacNoEditorTargetPlatform (79)
[2020.03.20-12.46.24:071][319]LogModuleManager: Shutting down and abandoning module MacClientTargetPlatform (77)
[2020.03.20-12.46.24:071][319]LogModuleManager: Shutting down and abandoning module AllDesktopTargetPlatform (75)
[2020.03.20-12.46.24:071][319]LogModuleManager: Shutting down and abandoning module InputCore (72)
[2020.03.20-12.46.24:071][319]LogModuleManager: Shutting down and abandoning module Settings (70)
[2020.03.20-12.46.24:071][319]LogModuleManager: Shutting down and abandoning module DirectoryWatcher (68)
[2020.03.20-12.46.24:071][319]LogModuleManager: Shutting down and abandoning module PhysXCooking (66)
[2020.03.20-12.46.24:071][319]LogModuleManager: Shutting down and abandoning module ExampleDeviceProfileSelector (64)
[2020.03.20-12.46.24:071][319]LogModuleManager: Shutting down and abandoning module LauncherChunkInstaller (62)
[2020.03.20-12.46.24:071][319]LogModuleManager: Shutting down and abandoning module OnlineBlueprintSupport (60)
[2020.03.20-12.46.24:071][319]LogModuleManager: Shutting down and abandoning module OnlineSubsystem (56)
[2020.03.20-12.46.24:072][319]LogModuleManager: Shutting down and abandoning module XMPP (51)
[2020.03.20-12.46.24:072][319]LogModuleManager: Shutting down and abandoning module WebSockets (50)
[2020.03.20-12.46.24:094][319]LogModuleManager: Shutting down and abandoning module HTTP (47)
[2020.03.20-12.46.24:094][319]LogHttp: Display: Http module shutting down, but needs to wait on 1 outstanding Http requests:
[2020.03.20-12.46.24:094][319]LogHttp: Display: 	verb=[POST] url=[https://datarouter.ol.epicgames.com/datarouter/api/v1/public/data?SessionID=%7B4512BCEB-4523-2DBE-A0C1-99A46BDB52CB%7D&AppID=UEEditor.Rocket.Release&AppVersion=4.22.3-7053642%2B%2B%2BUE4%2BRelease-4.22&UserID=a29517d240cddf7d51b927a30eb7bc2b%7Cdc39364eb7004be3b9a0e7cec52f311f%7C186820bc-5ca6-4946-b9e6-f4855c300b98&AppEnvironment=datacollector-binary&UploadType=eteventstream] status=Processing
[2020.03.20-12.46.24:107][319]LogModuleManager: Shutting down and abandoning module SSL (46)
[2020.03.20-12.46.24:109][319]LogModuleManager: Shutting down and abandoning module WmfMedia (42)
[2020.03.20-12.46.24:110][319]LogModuleManager: Shutting down and abandoning module Media (41)
[2020.03.20-12.46.24:116][319]LogModuleManager: Shutting down and abandoning module AnimationModifiers (38)
[2020.03.20-12.46.24:116][319]LogModuleManager: Shutting down and abandoning module PropertyEditor (37)
[2020.03.20-12.46.24:116][319]LogModuleManager: Shutting down and abandoning module AudioEditor (34)
[2020.03.20-12.46.24:116][319]LogModuleManager: Shutting down and abandoning module TextureCompressor (32)
[2020.03.20-12.46.24:116][319]LogModuleManager: Shutting down and abandoning module RenderCore (30)
[2020.03.20-12.46.24:116][319]LogModuleManager: Shutting down and abandoning module Landscape (28)
[2020.03.20-12.46.24:116][319]LogModuleManager: Shutting down and abandoning module SlateRHIRenderer (26)
[2020.03.20-12.46.24:117][319]LogModuleManager: Shutting down and abandoning module OpenGLDrv (24)
[2020.03.20-12.46.24:117][319]LogModuleManager: Shutting down and abandoning module D3D11RHI (22)
[2020.03.20-12.46.24:117][319]LogModuleManager: Shutting down and abandoning module AnimGraphRuntime (20)
[2020.03.20-12.46.24:117][319]LogModuleManager: Shutting down and abandoning module Renderer (18)
[2020.03.20-12.46.24:117][319]LogModuleManager: Shutting down and abandoning module Engine (16)
[2020.03.20-12.46.24:117][319]LogModuleManager: Shutting down and abandoning module CoreUObject (14)
[2020.03.20-12.46.24:117][319]LogModuleManager: Shutting down and abandoning module NetworkFile (12)
[2020.03.20-12.46.24:117][319]LogModuleManager: Shutting down and abandoning module CookedIterativeFile (10)
[2020.03.20-12.46.24:117][319]LogModuleManager: Shutting down and abandoning module StreamingFile (8)
[2020.03.20-12.46.24:117][319]LogModuleManager: Shutting down and abandoning module SandboxFile (6)
[2020.03.20-12.46.24:117][319]LogModuleManager: Shutting down and abandoning module PakFile (4)
[2020.03.20-12.46.24:117][319]LogModuleManager: Shutting down and abandoning module RSA (3)
[2020.03.20-12.46.24:123][319]LogExit: Exiting.
[2020.03.20-12.46.24:157][319]Log file closed, 03/20/20 12:46:24
